2016-01-29 11:35:36.451 13800 INFO neutron.common.config [-] Logging enabled!
2016-01-29 11:35:36.451 13800 INFO neutron.common.config [-] /usr/bin/neutron-netns-cleanup version 2015.1.2-2.el7ost
2016-01-29 11:35:38.459 13800 WARNING oslo_config.cfg [-] Option "use_namespaces" from group "DEFAULT" is deprecated for removal.  Its value may be silently ignored in the future.
2016-01-29 11:35:39.640 13800 ERROR neutron.agent.linux.utils [-] 
Command: ['sudo', 'neutron-rootwrap', '/etc/neutron/rootwrap.conf', 'ip', 'netns', 'exec', 'qrouter-a9bade03-a6b0-4050-9b12-a1eb4b9b3767', 'ip', 'link', 'delete', 'qr-5b774d1c-cd']
Exit code: 2
Stdin: 
Stdout: 
Stderr: RTNETLINK answers: Operation not supported

2016-01-29 11:35:39.871 13800 ERROR neutron.agent.linux.utils [-] 
Command: ['sudo', 'neutron-rootwrap', '/etc/neutron/rootwrap.conf', 'ip', 'netns', 'exec', 'qrouter-a9bade03-a6b0-4050-9b12-a1eb4b9b3767', 'ip', 'link', 'delete', 'ha-21197122-ec']
Exit code: 2
Stdin: 
Stdout: 
Stderr: RTNETLINK answers: Operation not supported

2016-01-29 11:35:40.090 13800 ERROR neutron.agent.linux.utils [-] 
Command: ['sudo', 'neutron-rootwrap', '/etc/neutron/rootwrap.conf', 'ip', 'netns', 'exec', 'qrouter-a9bade03-a6b0-4050-9b12-a1eb4b9b3767', 'ip', 'link', 'delete', 'qg-8384fa68-76']
Exit code: 2
Stdin: 
Stdout: 
Stderr: RTNETLINK answers: Operation not supported

