2015-11-12 12:45:38.393 18441 INFO nova.openstack.common.periodic_task [-] Skipping periodic task _periodic_update_dns because its interval is negative
2015-11-12 12:45:38.401 18441 WARNING oslo_config.cfg [req-f1b130c9-ad48-4e22-ac40-e67e1df8616d - - - - -] Option "sql_connection" from group "DEFAULT" is deprecated. Use option "connection" from group "database".
2015-11-12 12:45:38.402 18441 WARNING oslo_config.cfg [req-f1b130c9-ad48-4e22-ac40-e67e1df8616d - - - - -] Option "lock_path" from group "DEFAULT" is deprecated. Use option "lock_path" from group "oslo_concurrency".
2015-11-12 12:45:38.403 18441 WARNING oslo_config.cfg [req-f1b130c9-ad48-4e22-ac40-e67e1df8616d - - - - -] Option "url_timeout" from group "neutron" is deprecated. Use option "timeout" from group "neutron".
2015-11-12 12:45:38.403 18441 INFO nova.service [-] Starting consoleauth node (version 2015.1.1-3.el7ost)
2015-11-12 12:45:38.529 18441 INFO oslo_messaging._drivers.impl_rabbit [req-568ff606-f6da-43a4-b279-98dad2bd17db - - - - -] Connecting to AMQP server on 10.211.55.142:5672
2015-11-12 12:45:38.578 18441 INFO oslo_messaging._drivers.impl_rabbit [req-568ff606-f6da-43a4-b279-98dad2bd17db - - - - -] Connected to AMQP server on 10.211.55.142:5672
2015-11-12 16:12:20.708 18441 ERROR nova.servicegroup.drivers.db [req-d91e5ec5-0f22-4c0c-ba97-dea9da601f6a - - - - -] model server went away
2015-11-12 16:12:20.708 18441 TRACE nova.servicegroup.drivers.db Traceback (most recent call last):
2015-11-12 16:12:20.708 18441 TRACE nova.servicegroup.drivers.db   File "/usr/lib/python2.7/site-packages/nova/servicegroup/drivers/db.py", line 112, in _report_state
2015-11-12 16:12:20.708 18441 TRACE nova.servicegroup.drivers.db     service.service_ref, state_catalog)
2015-11-12 16:12:20.708 18441 TRACE nova.servicegroup.drivers.db   File "/usr/lib/python2.7/site-packages/nova/conductor/api.py", line 164, in service_update
2015-11-12 16:12:20.708 18441 TRACE nova.servicegroup.drivers.db     return self._manager.service_update(context, service, values)
2015-11-12 16:12:20.708 18441 TRACE nova.servicegroup.drivers.db   File "/usr/lib/python2.7/site-packages/nova/utils.py", line 895, in wrapper
2015-11-12 16:12:20.708 18441 TRACE nova.servicegroup.drivers.db     return func(*args, **kwargs)
2015-11-12 16:12:20.708 18441 TRACE nova.servicegroup.drivers.db   File "/usr/lib/python2.7/site-packages/oslo_messaging/rpc/server.py", line 142, in inner
2015-11-12 16:12:20.708 18441 TRACE nova.servicegroup.drivers.db     return func(*args, **kwargs)
2015-11-12 16:12:20.708 18441 TRACE nova.servicegroup.drivers.db   File "/usr/lib/python2.7/site-packages/nova/conductor/manager.py", line 335, in service_update
2015-11-12 16:12:20.708 18441 TRACE nova.servicegroup.drivers.db     svc = self.db.service_update(context, service['id'], values)
2015-11-12 16:12:20.708 18441 TRACE nova.servicegroup.drivers.db   File "/usr/lib/python2.7/site-packages/nova/db/api.py", line 153, in service_update
2015-11-12 16:12:20.708 18441 TRACE nova.servicegroup.drivers.db     return IMPL.service_update(context, service_id, values)
2015-11-12 16:12:20.708 18441 TRACE nova.servicegroup.drivers.db   File "/usr/lib/python2.7/site-packages/nova/db/sqlalchemy/api.py", line 271, in wrapped
2015-11-12 16:12:20.708 18441 TRACE nova.servicegroup.drivers.db     return f(*args, **kwargs)
2015-11-12 16:12:20.708 18441 TRACE nova.servicegroup.drivers.db   File "/usr/lib/python2.7/site-packages/nova/db/sqlalchemy/api.py", line 555, in service_update
2015-11-12 16:12:20.708 18441 TRACE nova.servicegroup.drivers.db     service_ref = _service_get(context, service_id, session=session)
2015-11-12 16:12:20.708 18441 TRACE nova.servicegroup.drivers.db   File "/usr/lib/python2.7/site-packages/nova/db/sqlalchemy/api.py", line 458, in _service_get
2015-11-12 16:12:20.708 18441 TRACE nova.servicegroup.drivers.db     result = query.first()
2015-11-12 16:12:20.708 18441 TRACE nova.servicegroup.drivers.db   File "/usr/lib64/python2.7/site-packages/sqlalchemy/orm/query.py", line 2445, in first
2015-11-12 16:12:20.708 18441 TRACE nova.servicegroup.drivers.db     ret = list(self[0:1])
2015-11-12 16:12:20.708 18441 TRACE nova.servicegroup.drivers.db   File "/usr/lib64/python2.7/site-packages/sqlalchemy/orm/query.py", line 2281, in __getitem__
2015-11-12 16:12:20.708 18441 TRACE nova.servicegroup.drivers.db     return list(res)
2015-11-12 16:12:20.708 18441 TRACE nova.servicegroup.drivers.db   File "/usr/lib64/python2.7/site-packages/sqlalchemy/orm/query.py", line 2516, in __iter__
2015-11-12 16:12:20.708 18441 TRACE nova.servicegroup.drivers.db     return self._execute_and_instances(context)
2015-11-12 16:12:20.708 18441 TRACE nova.servicegroup.drivers.db   File "/usr/lib64/python2.7/site-packages/sqlalchemy/orm/query.py", line 2529, in _execute_and_instances
2015-11-12 16:12:20.708 18441 TRACE nova.servicegroup.drivers.db     close_with_result=True)
2015-11-12 16:12:20.708 18441 TRACE nova.servicegroup.drivers.db   File "/usr/lib64/python2.7/site-packages/sqlalchemy/orm/query.py", line 2520, in _connection_from_session
2015-11-12 16:12:20.708 18441 TRACE nova.servicegroup.drivers.db     **kw)
2015-11-12 16:12:20.708 18441 TRACE nova.servicegroup.drivers.db   File "/usr/lib64/python2.7/site-packages/sqlalchemy/orm/session.py", line 882, in connection
2015-11-12 16:12:20.708 18441 TRACE nova.servicegroup.drivers.db     execution_options=execution_options)
2015-11-12 16:12:20.708 18441 TRACE nova.servicegroup.drivers.db   File "/usr/lib64/python2.7/site-packages/sqlalchemy/orm/session.py", line 887, in _connection_for_bind
2015-11-12 16:12:20.708 18441 TRACE nova.servicegroup.drivers.db     engine, execution_options)
2015-11-12 16:12:20.708 18441 TRACE nova.servicegroup.drivers.db   File "/usr/lib64/python2.7/site-packages/sqlalchemy/orm/session.py", line 334, in _connection_for_bind
2015-11-12 16:12:20.708 18441 TRACE nova.servicegroup.drivers.db     conn = bind.contextual_connect()
2015-11-12 16:12:20.708 18441 TRACE nova.servicegroup.drivers.db   File "/usr/lib64/python2.7/site-packages/sqlalchemy/engine/base.py", line 2039, in contextual_connect
2015-11-12 16:12:20.708 18441 TRACE nova.servicegroup.drivers.db     self._wrap_pool_connect(self.pool.connect, None),
2015-11-12 16:12:20.708 18441 TRACE nova.servicegroup.drivers.db   File "/usr/lib64/python2.7/site-packages/sqlalchemy/engine/base.py", line 2078, in _wrap_pool_connect
2015-11-12 16:12:20.708 18441 TRACE nova.servicegroup.drivers.db     e, dialect, self)
2015-11-12 16:12:20.708 18441 TRACE nova.servicegroup.drivers.db   File "/usr/lib64/python2.7/site-packages/sqlalchemy/engine/base.py", line 1401, in _handle_dbapi_exception_noconnection
2015-11-12 16:12:20.708 18441 TRACE nova.servicegroup.drivers.db     util.raise_from_cause(newraise, exc_info)
2015-11-12 16:12:20.708 18441 TRACE nova.servicegroup.drivers.db   File "/usr/lib64/python2.7/site-packages/sqlalchemy/util/compat.py", line 199, in raise_from_cause
2015-11-12 16:12:20.708 18441 TRACE nova.servicegroup.drivers.db     reraise(type(exception), exception, tb=exc_tb)
2015-11-12 16:12:20.708 18441 TRACE nova.servicegroup.drivers.db   File "/usr/lib64/python2.7/site-packages/sqlalchemy/engine/base.py", line 2074, in _wrap_pool_connect
2015-11-12 16:12:20.708 18441 TRACE nova.servicegroup.drivers.db     return fn()
2015-11-12 16:12:20.708 18441 TRACE nova.servicegroup.drivers.db   File "/usr/lib64/python2.7/site-packages/sqlalchemy/pool.py", line 376, in connect
2015-11-12 16:12:20.708 18441 TRACE nova.servicegroup.drivers.db     return _ConnectionFairy._checkout(self)
2015-11-12 16:12:20.708 18441 TRACE nova.servicegroup.drivers.db   File "/usr/lib64/python2.7/site-packages/sqlalchemy/pool.py", line 713, in _checkout
2015-11-12 16:12:20.708 18441 TRACE nova.servicegroup.drivers.db     fairy = _ConnectionRecord.checkout(pool)
2015-11-12 16:12:20.708 18441 TRACE nova.servicegroup.drivers.db   File "/usr/lib64/python2.7/site-packages/sqlalchemy/pool.py", line 485, in checkout
2015-11-12 16:12:20.708 18441 TRACE nova.servicegroup.drivers.db     rec.checkin()
2015-11-12 16:12:20.708 18441 TRACE nova.servicegroup.drivers.db   File "/usr/lib64/python2.7/site-packages/sqlalchemy/util/langhelpers.py", line 60, in __exit__
2015-11-12 16:12:20.708 18441 TRACE nova.servicegroup.drivers.db     compat.reraise(exc_type, exc_value, exc_tb)
2015-11-12 16:12:20.708 18441 TRACE nova.servicegroup.drivers.db   File "/usr/lib64/python2.7/site-packages/sqlalchemy/pool.py", line 482, in checkout
2015-11-12 16:12:20.708 18441 TRACE nova.servicegroup.drivers.db     dbapi_connection = rec.get_connection()
2015-11-12 16:12:20.708 18441 TRACE nova.servicegroup.drivers.db   File "/usr/lib64/python2.7/site-packages/sqlalchemy/pool.py", line 594, in get_connection
2015-11-12 16:12:20.708 18441 TRACE nova.servicegroup.drivers.db     self.connection = self.__connect()
2015-11-12 16:12:20.708 18441 TRACE nova.servicegroup.drivers.db   File "/usr/lib64/python2.7/site-packages/sqlalchemy/pool.py", line 607, in __connect
2015-11-12 16:12:20.708 18441 TRACE nova.servicegroup.drivers.db     connection = self.__pool._invoke_creator(self)
2015-11-12 16:12:20.708 18441 TRACE nova.servicegroup.drivers.db   File "/usr/lib64/python2.7/site-packages/sqlalchemy/engine/strategies.py", line 97, in connect
2015-11-12 16:12:20.708 18441 TRACE nova.servicegroup.drivers.db     return dialect.connect(*cargs, **cparams)
2015-11-12 16:12:20.708 18441 TRACE nova.servicegroup.drivers.db   File "/usr/lib64/python2.7/site-packages/sqlalchemy/engine/default.py", line 385, in connect
2015-11-12 16:12:20.708 18441 TRACE nova.servicegroup.drivers.db     return self.dbapi.connect(*cargs, **cparams)
2015-11-12 16:12:20.708 18441 TRACE nova.servicegroup.drivers.db   File "/usr/lib64/python2.7/site-packages/MySQLdb/__init__.py", line 81, in Connect
2015-11-12 16:12:20.708 18441 TRACE nova.servicegroup.drivers.db     return Connection(*args, **kwargs)
2015-11-12 16:12:20.708 18441 TRACE nova.servicegroup.drivers.db   File "/usr/lib64/python2.7/site-packages/MySQLdb/connections.py", line 187, in __init__
2015-11-12 16:12:20.708 18441 TRACE nova.servicegroup.drivers.db     super(Connection, self).__init__(*args, **kwargs2)
2015-11-12 16:12:20.708 18441 TRACE nova.servicegroup.drivers.db DBConnectionError: (_mysql_exceptions.OperationalError) (2003, "Can't connect to MySQL server on '10.211.55.142' (101)")
2015-11-12 16:12:20.708 18441 TRACE nova.servicegroup.drivers.db 
2015-11-12 16:12:30.702 18441 ERROR nova.servicegroup.drivers.db [req-d91e5ec5-0f22-4c0c-ba97-dea9da601f6a - - - - -] Recovered model server connection!
2015-11-24 19:13:36.424 1435 INFO nova.openstack.common.periodic_task [-] Skipping periodic task _periodic_update_dns because its interval is negative
2015-11-24 19:13:36.468 1435 WARNING oslo_config.cfg [req-59c64aa6-37bf-446c-9215-4bf68d674448 - - - - -] Option "sql_connection" from group "DEFAULT" is deprecated. Use option "connection" from group "database".
2015-11-24 19:13:36.470 1435 WARNING oslo_config.cfg [req-59c64aa6-37bf-446c-9215-4bf68d674448 - - - - -] Option "lock_path" from group "DEFAULT" is deprecated. Use option "lock_path" from group "oslo_concurrency".
2015-11-24 19:13:36.471 1435 WARNING oslo_config.cfg [req-59c64aa6-37bf-446c-9215-4bf68d674448 - - - - -] Option "url_timeout" from group "neutron" is deprecated. Use option "timeout" from group "neutron".
2015-11-24 19:13:36.473 1435 INFO nova.service [-] Starting consoleauth node (version 2015.1.1-3.el7ost)
2015-11-24 19:13:36.496 1435 WARNING oslo_db.sqlalchemy.session [req-a407febd-0e07-47d9-876c-51dfc242d41b - - - - -] SQL connection failed. -1 attempts left.
2015-11-24 19:13:47.066 1435 INFO oslo_messaging._drivers.impl_rabbit [req-a407febd-0e07-47d9-876c-51dfc242d41b - - - - -] Connecting to AMQP server on 10.211.55.142:5672
2015-11-24 19:13:51.634 1435 INFO oslo_messaging._drivers.impl_rabbit [req-a407febd-0e07-47d9-876c-51dfc242d41b - - - - -] Connected to AMQP server on 10.211.55.142:5672
2015-11-30 18:47:37.677 1435 INFO nova.openstack.common.service [req-59c64aa6-37bf-446c-9215-4bf68d674448 - - - - -] Caught SIGTERM, exiting
2015-11-30 18:47:38.470 1435 ERROR oslo_messaging._drivers.impl_rabbit [-] Failed to consume message from queue: 
2015-11-30 18:47:40.233 2396 INFO nova.openstack.common.periodic_task [-] Skipping periodic task _periodic_update_dns because its interval is negative
2015-11-30 18:47:40.244 2396 WARNING oslo_config.cfg [req-e44e1893-06c9-47d2-ac54-c4fbc02b9c0c - - - - -] Option "sql_connection" from group "DEFAULT" is deprecated. Use option "connection" from group "database".
2015-11-30 18:47:40.247 2396 WARNING oslo_config.cfg [req-e44e1893-06c9-47d2-ac54-c4fbc02b9c0c - - - - -] Option "lock_path" from group "DEFAULT" is deprecated. Use option "lock_path" from group "oslo_concurrency".
2015-11-30 18:47:40.249 2396 WARNING oslo_config.cfg [req-e44e1893-06c9-47d2-ac54-c4fbc02b9c0c - - - - -] Option "url_timeout" from group "neutron" is deprecated. Use option "timeout" from group "neutron".
2015-11-30 18:47:40.250 2396 INFO nova.service [-] Starting consoleauth node (version 2015.1.2-4.el7ost)
2015-11-30 18:47:40.425 2396 INFO oslo_messaging._drivers.impl_rabbit [req-4f182817-0cae-4600-90f2-ad5c9c982a4f - - - - -] Connecting to AMQP server on 10.211.55.142:5672
2015-11-30 18:47:40.484 2396 INFO oslo_messaging._drivers.impl_rabbit [req-4f182817-0cae-4600-90f2-ad5c9c982a4f - - - - -] Connected to AMQP server on 10.211.55.142:5672
2016-01-29 13:13:58.399 2396 INFO nova.openstack.common.service [req-e44e1893-06c9-47d2-ac54-c4fbc02b9c0c - - - - -] Caught SIGTERM, exiting
2016-01-29 13:13:58.565 2396 ERROR oslo_messaging._drivers.impl_rabbit [-] Failed to consume message from queue: 
2016-01-29 13:14:35.008 1223 INFO nova.openstack.common.periodic_task [-] Skipping periodic task _periodic_update_dns because its interval is negative
2016-01-29 13:14:35.069 1223 WARNING oslo_config.cfg [req-0b952a16-74b5-4707-b2e0-15486b523b23 - - - - -] Option "sql_connection" from group "DEFAULT" is deprecated. Use option "connection" from group "database".
2016-01-29 13:14:35.072 1223 WARNING oslo_config.cfg [req-0b952a16-74b5-4707-b2e0-15486b523b23 - - - - -] Option "lock_path" from group "DEFAULT" is deprecated. Use option "lock_path" from group "oslo_concurrency".
2016-01-29 13:14:35.073 1223 WARNING oslo_config.cfg [req-0b952a16-74b5-4707-b2e0-15486b523b23 - - - - -] Option "url_timeout" from group "neutron" is deprecated. Use option "timeout" from group "neutron".
2016-01-29 13:14:35.075 1223 INFO nova.service [-] Starting consoleauth node (version 2015.1.2-4.el7ost)
2016-01-29 13:14:35.112 1223 WARNING oslo_db.sqlalchemy.session [req-1a8f04f4-8995-4793-b018-7e78e1b2c34a - - - - -] SQL connection failed. -1 attempts left.
2016-01-29 13:14:45.335 1223 INFO oslo_messaging._drivers.impl_rabbit [req-1a8f04f4-8995-4793-b018-7e78e1b2c34a - - - - -] Connecting to AMQP server on 10.211.55.142:5672
2016-01-29 13:14:50.450 1223 INFO oslo_messaging._drivers.impl_rabbit [req-1a8f04f4-8995-4793-b018-7e78e1b2c34a - - - - -] Connected to AMQP server on 10.211.55.142:5672
