2016-01-29 15:38:30.514 22597 INFO nova.openstack.common.service [req-f1900cd8-3a5e-4aba-ae02-22dcb12f954b - - - - -] Caught SIGTERM, exiting
2016-01-29 15:38:30.939 22597 ERROR oslo_messaging._drivers.impl_rabbit [-] Failed to consume message from queue: 
2016-01-29 15:38:32.022 25546 INFO nova.openstack.common.periodic_task [-] Skipping periodic task _periodic_update_dns because its interval is negative
2016-01-29 15:38:32.039 25546 INFO nova.virt.driver [-] Loading compute driver 'libvirt.LibvirtDriver'
2016-01-29 15:38:32.087 25546 INFO oslo_messaging._drivers.impl_rabbit [req-34e8572d-7998-4628-8319-1b6f1dbcde84 - - - - -] Connecting to AMQP server on 10.211.55.142:5672
2016-01-29 15:38:35.787 25546 INFO oslo_messaging._drivers.impl_rabbit [req-34e8572d-7998-4628-8319-1b6f1dbcde84 - - - - -] Connected to AMQP server on 10.211.55.142:5672
2016-01-29 15:38:35.795 25546 INFO oslo_messaging._drivers.impl_rabbit [req-34e8572d-7998-4628-8319-1b6f1dbcde84 - - - - -] Connecting to AMQP server on 10.211.55.142:5672
2016-01-29 15:38:35.923 25546 INFO oslo_messaging._drivers.impl_rabbit [req-34e8572d-7998-4628-8319-1b6f1dbcde84 - - - - -] Connected to AMQP server on 10.211.55.142:5672
2016-01-29 15:38:35.957 25546 WARNING oslo_config.cfg [req-34e8572d-7998-4628-8319-1b6f1dbcde84 - - - - -] Option "sql_connection" from group "DEFAULT" is deprecated. Use option "connection" from group "database".
2016-01-29 15:38:35.963 25546 WARNING oslo_config.cfg [req-34e8572d-7998-4628-8319-1b6f1dbcde84 - - - - -] Option "lock_path" from group "DEFAULT" is deprecated. Use option "lock_path" from group "oslo_concurrency".
2016-01-29 15:38:35.965 25546 WARNING oslo_config.cfg [req-34e8572d-7998-4628-8319-1b6f1dbcde84 - - - - -] Option "url_timeout" from group "neutron" is deprecated. Use option "timeout" from group "neutron".
2016-01-29 15:38:35.967 25546 INFO nova.service [-] Starting compute node (version 2015.1.2-4.el7ost)
2016-01-29 15:38:36.009 25546 INFO nova.virt.libvirt.driver [-] Connection event '1' reason 'None'
2016-01-29 15:38:36.047 25546 INFO nova.virt.libvirt.host [req-26cd8ba4-d4af-47e5-a86b-ec25aa33ec55 - - - - -] Libvirt host capabilities <capabilities>

  <host>
    <uuid>3bdda25f-bd4d-4f85-abc6-b69f7444ab5d</uuid>
    <cpu>
      <arch>x86_64</arch>
      <model>SandyBridge</model>
      <vendor>Intel</vendor>
      <topology sockets='1' cores='3' threads='1'/>
      <feature name='invtsc'/>
      <feature name='invpcid'/>
      <feature name='erms'/>
      <feature name='bmi2'/>
      <feature name='smep'/>
      <feature name='avx2'/>
      <feature name='bmi1'/>
      <feature name='fsgsbase'/>
      <feature name='abm'/>
      <feature name='hypervisor'/>
      <feature name='rdrand'/>
      <feature name='f16c'/>
      <feature name='osxsave'/>
      <feature name='movbe'/>
      <feature name='pcid'/>
      <feature name='fma'/>
      <feature name='vmx'/>
      <feature name='ht'/>
      <feature name='ss'/>
      <feature name='vme'/>
      <pages unit='KiB' size='4'/>
      <pages unit='KiB' size='2048'/>
    </cpu>
    <power_management>
      <suspend_mem/>
      <suspend_disk/>
      <suspend_hybrid/>
    </power_management>
    <migration_features>
      <live/>
      <uri_transports>
        <uri_transport>tcp</uri_transport>
        <uri_transport>rdma</uri_transport>
      </uri_transports>
    </migration_features>
    <topology>
      <cells num='1'>
        <cell id='0'>
          <memory unit='KiB'>3071528</memory>
          <pages unit='KiB' size='4'>767882</pages>
          <pages unit='KiB' size='2048'>0</pages>
          <distances>
            <sibling id='0' value='10'/>
          </distances>
          <cpus num='3'>
            <cpu id='0' socket_id='0' core_id='0' siblings='0'/>
            <cpu id='1' socket_id='0' core_id='1' siblings='1'/>
            <cpu id='2' socket_id='0' core_id='2' siblings='2'/>
          </cpus>
        </cell>
      </cells>
    </topology>
    <secmodel>
      <model>selinux</model>
      <doi>0</doi>
      <baselabel type='kvm'>system_u:system_r:svirt_t:s0</baselabel>
      <baselabel type='qemu'>system_u:system_r:svirt_tcg_t:s0</baselabel>
    </secmodel>
    <secmodel>
      <model>dac</model>
      <doi>0</doi>
      <baselabel type='kvm'>+107:+107</baselabel>
      <baselabel type='qemu'>+107:+107</baselabel>
    </secmodel>
  </host>

  <guest>
    <os_type>hvm</os_type>
    <arch name='i686'>
      <wordsize>32</wordsize>
      <emulator>/usr/libexec/qemu-kvm</emulator>
      <machine maxCpus='240'>pc-i440fx-rhel7.2.0</machine>
      <machine canonical='pc-i440fx-rhel7.2.0' maxCpus='240'>pc</machine>
      <machine maxCpus='240'>pc-i440fx-rhel7.0.0</machine>
      <machine maxCpus='240'>pc-q35-rhel7.1.0</machine>
      <machine maxCpus='240'>rhel6.3.0</machine>
      <machine maxCpus='240'>pc-q35-rhel7.2.0</machine>
      <machine canonical='pc-q35-rhel7.2.0' maxCpus='240'>q35</machine>
      <machine maxCpus='240'>rhel6.4.0</machine>
      <machine maxCpus='240'>rhel6.0.0</machine>
      <machine maxCpus='240'>pc-i440fx-rhel7.1.0</machine>
      <machine maxCpus='240'>rhel6.5.0</machine>
      <machine maxCpus='240'>rhel6.6.0</machine>
      <machine maxCpus='240'>rhel6.1.0</machine>
      <machine maxCpus='240'>pc-q35-rhel7.0.0</machine>
      <machine maxCpus='240'>rhel6.2.0</machine>
      <domain type='qemu'>
      </domain>
      <domain type='kvm'>
        <emulator>/usr/libexec/qemu-kvm</emulator>
      </domain>
    </arch>
    <features>
      <cpuselection/>
      <deviceboot/>
      <disksnapshot default='on' toggle='no'/>
      <acpi default='on' toggle='yes'/>
      <apic default='on' toggle='no'/>
      <pae/>
      <nonpae/>
    </features>
  </guest>

  <guest>
    <os_type>hvm</os_type>
    <arch name='x86_64'>
      <wordsize>64</wordsize>
      <emulator>/usr/libexec/qemu-kvm</emulator>
      <machine maxCpus='240'>pc-i440fx-rhel7.2.0</machine>
      <machine canonical='pc-i440fx-rhel7.2.0' maxCpus='240'>pc</machine>
      <machine maxCpus='240'>pc-i440fx-rhel7.0.0</machine>
      <machine maxCpus='240'>pc-q35-rhel7.1.0</machine>
      <machine maxCpus='240'>rhel6.3.0</machine>
      <machine maxCpus='240'>pc-q35-rhel7.2.0</machine>
      <machine canonical='pc-q35-rhel7.2.0' maxCpus='240'>q35</machine>
      <machine maxCpus='240'>rhel6.4.0</machine>
      <machine maxCpus='240'>rhel6.0.0</machine>
      <machine maxCpus='240'>pc-i440fx-rhel7.1.0</machine>
      <machine maxCpus='240'>rhel6.5.0</machine>
      <machine maxCpus='240'>rhel6.6.0</machine>
      <machine maxCpus='240'>rhel6.1.0</machine>
      <machine maxCpus='240'>pc-q35-rhel7.0.0</machine>
      <machine maxCpus='240'>rhel6.2.0</machine>
      <domain type='qemu'>
      </domain>
      <domain type='kvm'>
        <emulator>/usr/libexec/qemu-kvm</emulator>
      </domain>
    </arch>
    <features>
      <cpuselection/>
      <deviceboot/>
      <disksnapshot default='on' toggle='no'/>
      <acpi default='on' toggle='yes'/>
      <apic default='on' toggle='no'/>
    </features>
  </guest>

</capabilities>

2016-01-29 15:38:41.324 25546 INFO nova.compute.resource_tracker [req-26cd8ba4-d4af-47e5-a86b-ec25aa33ec55 - - - - -] Auditing locally available compute resources for node osp7_networker2_1447326248297_70074
2016-01-29 15:38:41.448 25546 INFO nova.compute.resource_tracker [req-26cd8ba4-d4af-47e5-a86b-ec25aa33ec55 - - - - -] Total usable vcpus: 3, total allocated vcpus: 0
2016-01-29 15:38:41.449 25546 INFO nova.compute.resource_tracker [req-26cd8ba4-d4af-47e5-a86b-ec25aa33ec55 - - - - -] Final resource view: name=osp7_networker2_1447326248297_70074 phys_ram=2708MB used_ram=512MB phys_disk=41GB used_disk=0GB total_vcpus=3 used_vcpus=0 pci_stats=<nova.pci.stats.PciDeviceStats object at 0x4c5d7d0>
2016-01-29 15:38:41.474 25546 INFO nova.scheduler.client.report [req-26cd8ba4-d4af-47e5-a86b-ec25aa33ec55 - - - - -] Compute_service record updated for ('osp7_networker2_1447326248297_70074', 'osp7_networker2_1447326248297_70074')
2016-01-29 15:38:41.474 25546 INFO nova.compute.resource_tracker [req-26cd8ba4-d4af-47e5-a86b-ec25aa33ec55 - - - - -] Compute_service record updated for osp7_networker2_1447326248297_70074:osp7_networker2_1447326248297_70074
2016-01-29 15:38:41.488 25546 INFO oslo_messaging._drivers.impl_rabbit [req-26cd8ba4-d4af-47e5-a86b-ec25aa33ec55 - - - - -] Connecting to AMQP server on 10.211.55.142:5672
2016-01-29 15:38:41.593 25546 INFO oslo_messaging._drivers.impl_rabbit [req-26cd8ba4-d4af-47e5-a86b-ec25aa33ec55 - - - - -] Connected to AMQP server on 10.211.55.142:5672
