2015-10-29 10:52:32.004 ovs-fdb DEBUG port  VLAN  MAC                Age
2015-10-29 10:52:32.009 ovs-fdb DEBUG 61     1  fa:16:3e:50:a3:46    0
2015-10-29 10:52:32.013 ovs-fdb DEBUG 4     1  fa:16:3e:c5:24:11    0
2015-10-29 10:52:32.019 ovs-fdb DEBUG cookie=0x0, duration=11.280s, table=20, n_packets=45, n_bytes=4298, hard_timeout=300, idle_age=0, hard_age=0, priority=1,vlan_tci=0x0001/0x0fff,dl_dst=fa:16:3e:50:a3:46 actions=load:0->NXM_OF_VLAN_TCI[],load:0xb->NXM_NX_TUN_ID[],output:2
2015-10-29 10:52:33.046 ovs-fdb DEBUG port  VLAN  MAC                Age
2015-10-29 10:52:33.052 ovs-fdb DEBUG 61     1  fa:16:3e:50:a3:46    0
2015-10-29 10:52:33.061 ovs-fdb DEBUG 4     1  fa:16:3e:c5:24:11    0
2015-10-29 10:52:33.075 ovs-fdb DEBUG cookie=0x0, duration=12.337s, table=20, n_packets=49, n_bytes=4690, hard_timeout=300, idle_age=0, hard_age=0, priority=1,vlan_tci=0x0001/0x0fff,dl_dst=fa:16:3e:50:a3:46 actions=load:0->NXM_OF_VLAN_TCI[],load:0xb->NXM_NX_TUN_ID[],output:2
2015-10-29 10:52:34.089 ovs-fdb DEBUG port  VLAN  MAC                Age
2015-10-29 10:52:34.094 ovs-fdb DEBUG 61     1  fa:16:3e:50:a3:46    0
2015-10-29 10:52:34.098 ovs-fdb DEBUG 4     1  fa:16:3e:c5:24:11    0
2015-10-29 10:52:34.105 ovs-fdb DEBUG cookie=0x0, duration=13.366s, table=20, n_packets=55, n_bytes=5278, hard_timeout=300, idle_age=0, hard_age=0, priority=1,vlan_tci=0x0001/0x0fff,dl_dst=fa:16:3e:50:a3:46 actions=load:0->NXM_OF_VLAN_TCI[],load:0xb->NXM_NX_TUN_ID[],output:2
2015-10-29 10:52:35.120 ovs-fdb DEBUG port  VLAN  MAC                Age
2015-10-29 10:52:35.124 ovs-fdb DEBUG 61     1  fa:16:3e:50:a3:46    0
2015-10-29 10:52:35.128 ovs-fdb DEBUG 4     1  fa:16:3e:c5:24:11    0
2015-10-29 10:52:35.135 ovs-fdb DEBUG cookie=0x0, duration=14.396s, table=20, n_packets=59, n_bytes=5670, hard_timeout=300, idle_age=0, hard_age=0, priority=1,vlan_tci=0x0001/0x0fff,dl_dst=fa:16:3e:50:a3:46 actions=load:0->NXM_OF_VLAN_TCI[],load:0xb->NXM_NX_TUN_ID[],output:2
2015-10-29 10:52:36.161 ovs-fdb DEBUG port  VLAN  MAC                Age
2015-10-29 10:52:36.166 ovs-fdb DEBUG 61     1  fa:16:3e:50:a3:46    0
2015-10-29 10:52:36.171 ovs-fdb DEBUG 4     1  fa:16:3e:c5:24:11    0
2015-10-29 10:52:36.177 ovs-fdb DEBUG cookie=0x0, duration=15.424s, table=20, n_packets=63, n_bytes=6062, hard_timeout=300, idle_age=0, hard_age=0, priority=1,vlan_tci=0x0001/0x0fff,dl_dst=fa:16:3e:50:a3:46 actions=load:0->NXM_OF_VLAN_TCI[],load:0xb->NXM_NX_TUN_ID[],output:2
2015-10-29 10:52:37.184 ovs-fdb DEBUG port  VLAN  MAC                Age
2015-10-29 10:52:37.191 ovs-fdb DEBUG 61     1  fa:16:3e:50:a3:46    0
2015-10-29 10:52:37.197 ovs-fdb DEBUG 4     1  fa:16:3e:c5:24:11    0
2015-10-29 10:52:37.207 ovs-fdb DEBUG cookie=0x0, duration=16.468s, table=20, n_packets=67, n_bytes=6454, hard_timeout=300, idle_age=0, hard_age=0, priority=1,vlan_tci=0x0001/0x0fff,dl_dst=fa:16:3e:50:a3:46 actions=load:0->NXM_OF_VLAN_TCI[],load:0xb->NXM_NX_TUN_ID[],output:2
2015-10-29 10:52:38.230 ovs-fdb DEBUG port  VLAN  MAC                Age
2015-10-29 10:52:38.239 ovs-fdb DEBUG 61     1  fa:16:3e:50:a3:46    0
2015-10-29 10:52:38.251 ovs-fdb DEBUG 4     1  fa:16:3e:c5:24:11    0
2015-10-29 10:52:38.256 ovs-fdb DEBUG cookie=0x0, duration=17.507s, table=20, n_packets=71, n_bytes=6846, hard_timeout=300, idle_age=0, hard_age=0, priority=1,vlan_tci=0x0001/0x0fff,dl_dst=fa:16:3e:50:a3:46 actions=load:0->NXM_OF_VLAN_TCI[],load:0xb->NXM_NX_TUN_ID[],output:2
2015-10-29 10:52:39.270 ovs-fdb DEBUG port  VLAN  MAC                Age
2015-10-29 10:52:39.275 ovs-fdb DEBUG 61     1  fa:16:3e:50:a3:46    0
2015-10-29 10:52:39.281 ovs-fdb DEBUG 4     1  fa:16:3e:c5:24:11    0
2015-10-29 10:52:39.286 ovs-fdb DEBUG cookie=0x0, duration=18.541s, table=20, n_packets=75, n_bytes=7238, hard_timeout=300, idle_age=0, hard_age=0, priority=1,vlan_tci=0x0001/0x0fff,dl_dst=fa:16:3e:50:a3:46 actions=load:0->NXM_OF_VLAN_TCI[],load:0xb->NXM_NX_TUN_ID[],output:2
2015-10-29 10:52:40.295 ovs-fdb DEBUG port  VLAN  MAC                Age
2015-10-29 10:52:40.299 ovs-fdb DEBUG 61     1  fa:16:3e:50:a3:46    0
2015-10-29 10:52:40.304 ovs-fdb DEBUG 4     1  fa:16:3e:c5:24:11    0
2015-10-29 10:52:40.314 ovs-fdb DEBUG cookie=0x0, duration=19.575s, table=20, n_packets=79, n_bytes=7630, hard_timeout=300, idle_age=0, hard_age=0, priority=1,vlan_tci=0x0001/0x0fff,dl_dst=fa:16:3e:50:a3:46 actions=load:0->NXM_OF_VLAN_TCI[],load:0xb->NXM_NX_TUN_ID[],output:2
2015-10-29 10:52:41.332 ovs-fdb DEBUG port  VLAN  MAC                Age
2015-10-29 10:52:41.339 ovs-fdb DEBUG 61     1  fa:16:3e:50:a3:46    0
2015-10-29 10:52:41.345 ovs-fdb DEBUG 4     1  fa:16:3e:c5:24:11    0
2015-10-29 10:52:41.351 ovs-fdb DEBUG cookie=0x0, duration=20.609s, table=20, n_packets=83, n_bytes=8022, hard_timeout=300, idle_age=0, hard_age=0, priority=1,vlan_tci=0x0001/0x0fff,dl_dst=fa:16:3e:50:a3:46 actions=load:0->NXM_OF_VLAN_TCI[],load:0xb->NXM_NX_TUN_ID[],output:2
2015-10-29 10:52:42.364 ovs-fdb DEBUG port  VLAN  MAC                Age
2015-10-29 10:52:42.374 ovs-fdb DEBUG 61     1  fa:16:3e:50:a3:46    0
2015-10-29 10:52:42.379 ovs-fdb DEBUG 4     1  fa:16:3e:c5:24:11    0
2015-10-29 10:52:42.386 ovs-fdb DEBUG cookie=0x0, duration=21.644s, table=20, n_packets=87, n_bytes=8414, hard_timeout=300, idle_age=0, hard_age=0, priority=1,vlan_tci=0x0001/0x0fff,dl_dst=fa:16:3e:50:a3:46 actions=load:0->NXM_OF_VLAN_TCI[],load:0xb->NXM_NX_TUN_ID[],output:2
2015-10-29 10:52:43.403 ovs-fdb DEBUG port  VLAN  MAC                Age
2015-10-29 10:52:43.408 ovs-fdb DEBUG 61     1  fa:16:3e:50:a3:46    1
2015-10-29 10:52:43.413 ovs-fdb DEBUG 4     1  fa:16:3e:c5:24:11    1
2015-10-29 10:52:43.420 ovs-fdb DEBUG cookie=0x0, duration=22.681s, table=20, n_packets=91, n_bytes=8806, hard_timeout=300, idle_age=0, hard_age=0, priority=1,vlan_tci=0x0001/0x0fff,dl_dst=fa:16:3e:50:a3:46 actions=load:0->NXM_OF_VLAN_TCI[],load:0xb->NXM_NX_TUN_ID[],output:2
2015-10-29 10:52:44.436 ovs-fdb DEBUG port  VLAN  MAC                Age
2015-10-29 10:52:44.448 ovs-fdb DEBUG 61     1  fa:16:3e:50:a3:46    1
2015-10-29 10:52:44.454 ovs-fdb DEBUG 4     1  fa:16:3e:c5:24:11    1
2015-10-29 10:52:44.459 ovs-fdb DEBUG cookie=0x0, duration=23.715s, table=20, n_packets=95, n_bytes=9198, hard_timeout=300, idle_age=0, hard_age=0, priority=1,vlan_tci=0x0001/0x0fff,dl_dst=fa:16:3e:50:a3:46 actions=load:0->NXM_OF_VLAN_TCI[],load:0xb->NXM_NX_TUN_ID[],output:2
2015-10-29 10:52:45.470 ovs-fdb DEBUG port  VLAN  MAC                Age
2015-10-29 10:52:45.475 ovs-fdb DEBUG 61     1  fa:16:3e:50:a3:46    1
2015-10-29 10:52:45.482 ovs-fdb DEBUG 4     1  fa:16:3e:c5:24:11    1
2015-10-29 10:52:45.490 ovs-fdb DEBUG cookie=0x0, duration=24.748s, table=20, n_packets=99, n_bytes=9590, hard_timeout=300, idle_age=0, hard_age=0, priority=1,vlan_tci=0x0001/0x0fff,dl_dst=fa:16:3e:50:a3:46 actions=load:0->NXM_OF_VLAN_TCI[],load:0xb->NXM_NX_TUN_ID[],output:2
2015-10-29 10:52:46.504 ovs-fdb DEBUG port  VLAN  MAC                Age
2015-10-29 10:52:46.518 ovs-fdb DEBUG 61     1  fa:16:3e:50:a3:46    1
2015-10-29 10:52:46.523 ovs-fdb DEBUG 4     1  fa:16:3e:c5:24:11    1
2015-10-29 10:52:46.529 ovs-fdb DEBUG cookie=0x0, duration=25.785s, table=20, n_packets=103, n_bytes=9982, hard_timeout=300, idle_age=0, hard_age=0, priority=1,vlan_tci=0x0001/0x0fff,dl_dst=fa:16:3e:50:a3:46 actions=load:0->NXM_OF_VLAN_TCI[],load:0xb->NXM_NX_TUN_ID[],output:2
2015-10-29 10:52:47.558 ovs-fdb DEBUG port  VLAN  MAC                Age
2015-10-29 10:52:47.573 ovs-fdb DEBUG 61     1  fa:16:3e:50:a3:46    1
2015-10-29 10:52:47.583 ovs-fdb DEBUG 4     1  fa:16:3e:c5:24:11    1
2015-10-29 10:52:47.602 ovs-fdb DEBUG cookie=0x0, duration=26.852s, table=20, n_packets=107, n_bytes=10374, hard_timeout=300, idle_age=0, hard_age=0, priority=1,vlan_tci=0x0001/0x0fff,dl_dst=fa:16:3e:50:a3:46 actions=load:0->NXM_OF_VLAN_TCI[],load:0xb->NXM_NX_TUN_ID[],output:2
2015-10-29 10:52:48.628 ovs-fdb DEBUG port  VLAN  MAC                Age
2015-10-29 10:52:48.633 ovs-fdb DEBUG 61     1  fa:16:3e:50:a3:46    0
2015-10-29 10:52:48.638 ovs-fdb DEBUG 4     1  fa:16:3e:c5:24:11    0
2015-10-29 10:52:48.665 ovs-fdb DEBUG cookie=0x0, duration=27.917s, table=20, n_packets=113, n_bytes=10962, hard_timeout=300, idle_age=0, hard_age=0, priority=1,vlan_tci=0x0001/0x0fff,dl_dst=fa:16:3e:50:a3:46 actions=load:0->NXM_OF_VLAN_TCI[],load:0xb->NXM_NX_TUN_ID[],output:2
2015-10-29 10:52:49.683 ovs-fdb DEBUG port  VLAN  MAC                Age
2015-10-29 10:52:49.691 ovs-fdb DEBUG 61     1  fa:16:3e:50:a3:46    0
2015-10-29 10:52:49.702 ovs-fdb DEBUG 4     1  fa:16:3e:c5:24:11    0
2015-10-29 10:52:49.714 ovs-fdb DEBUG cookie=0x0, duration=28.965s, table=20, n_packets=117, n_bytes=11354, hard_timeout=300, idle_age=0, hard_age=0, priority=1,vlan_tci=0x0001/0x0fff,dl_dst=fa:16:3e:50:a3:46 actions=load:0->NXM_OF_VLAN_TCI[],load:0xb->NXM_NX_TUN_ID[],output:2
2015-10-29 10:52:50.732 ovs-fdb DEBUG port  VLAN  MAC                Age
2015-10-29 10:52:50.741 ovs-fdb DEBUG 61     1  fa:16:3e:50:a3:46    0
2015-10-29 10:52:50.746 ovs-fdb DEBUG 4     1  fa:16:3e:c5:24:11    0
2015-10-29 10:52:50.765 ovs-fdb DEBUG cookie=0x0, duration=30.022s, table=20, n_packets=121, n_bytes=11746, hard_timeout=300, idle_age=0, hard_age=0, priority=1,vlan_tci=0x0001/0x0fff,dl_dst=fa:16:3e:50:a3:46 actions=load:0->NXM_OF_VLAN_TCI[],load:0xb->NXM_NX_TUN_ID[],output:2
2015-10-29 10:52:51.786 ovs-fdb DEBUG port  VLAN  MAC                Age
2015-10-29 10:52:51.799 ovs-fdb DEBUG 61     1  fa:16:3e:50:a3:46    0
2015-10-29 10:52:51.805 ovs-fdb DEBUG 4     1  fa:16:3e:c5:24:11    0
2015-10-29 10:52:51.809 ovs-fdb DEBUG cookie=0x0, duration=31.064s, table=20, n_packets=125, n_bytes=12138, hard_timeout=300, idle_age=0, hard_age=0, priority=1,vlan_tci=0x0001/0x0fff,dl_dst=fa:16:3e:50:a3:46 actions=load:0->NXM_OF_VLAN_TCI[],load:0xb->NXM_NX_TUN_ID[],output:2
2015-10-29 10:52:52.823 ovs-fdb DEBUG port  VLAN  MAC                Age
2015-10-29 10:52:52.837 ovs-fdb DEBUG 61     1  fa:16:3e:50:a3:46    0
2015-10-29 10:52:52.843 ovs-fdb DEBUG 4     1  fa:16:3e:c5:24:11    0
2015-10-29 10:52:52.862 ovs-fdb DEBUG cookie=0x0, duration=32.117s, table=20, n_packets=129, n_bytes=12530, hard_timeout=300, idle_age=0, hard_age=0, priority=1,vlan_tci=0x0001/0x0fff,dl_dst=fa:16:3e:50:a3:46 actions=load:0->NXM_OF_VLAN_TCI[],load:0xb->NXM_NX_TUN_ID[],output:2
2015-10-29 10:52:53.876 ovs-fdb DEBUG port  VLAN  MAC                Age
2015-10-29 10:52:53.881 ovs-fdb DEBUG 61     1  fa:16:3e:50:a3:46    0
2015-10-29 10:52:53.889 ovs-fdb DEBUG 4     1  fa:16:3e:c5:24:11    0
2015-10-29 10:52:53.895 ovs-fdb DEBUG cookie=0x0, duration=33.154s, table=20, n_packets=133, n_bytes=12922, hard_timeout=300, idle_age=0, hard_age=0, priority=1,vlan_tci=0x0001/0x0fff,dl_dst=fa:16:3e:50:a3:46 actions=load:0->NXM_OF_VLAN_TCI[],load:0xb->NXM_NX_TUN_ID[],output:2
2015-10-29 10:52:54.912 ovs-fdb DEBUG port  VLAN  MAC                Age
2015-10-29 10:52:54.926 ovs-fdb DEBUG 61     1  fa:16:3e:50:a3:46    0
2015-10-29 10:52:54.934 ovs-fdb DEBUG 4     1  fa:16:3e:c5:24:11    0
2015-10-29 10:52:54.941 ovs-fdb DEBUG cookie=0x0, duration=34.193s, table=20, n_packets=137, n_bytes=13314, hard_timeout=300, idle_age=0, hard_age=0, priority=1,vlan_tci=0x0001/0x0fff,dl_dst=fa:16:3e:50:a3:46 actions=load:0->NXM_OF_VLAN_TCI[],load:0xb->NXM_NX_TUN_ID[],output:2
2015-10-29 10:52:55.951 ovs-fdb DEBUG port  VLAN  MAC                Age
2015-10-29 10:52:55.970 ovs-fdb DEBUG 61     1  fa:16:3e:50:a3:46    0
2015-10-29 10:52:55.977 ovs-fdb DEBUG 4     1  fa:16:3e:c5:24:11    0
2015-10-29 10:52:55.983 ovs-fdb DEBUG cookie=0x0, duration=35.228s, table=20, n_packets=142, n_bytes=13748, hard_timeout=300, idle_age=0, hard_age=0, priority=1,vlan_tci=0x0001/0x0fff,dl_dst=fa:16:3e:50:a3:46 actions=load:0->NXM_OF_VLAN_TCI[],load:0xb->NXM_NX_TUN_ID[],output:2
2015-10-29 10:52:56.997 ovs-fdb DEBUG port  VLAN  MAC                Age
2015-10-29 10:52:57.003 ovs-fdb DEBUG 61     1  fa:16:3e:50:a3:46    0
2015-10-29 10:52:57.016 ovs-fdb DEBUG 4     1  fa:16:3e:c5:24:11    0
2015-10-29 10:52:57.022 ovs-fdb DEBUG cookie=0x0, duration=36.274s, table=20, n_packets=146, n_bytes=14140, hard_timeout=300, idle_age=0, hard_age=0, priority=1,vlan_tci=0x0001/0x0fff,dl_dst=fa:16:3e:50:a3:46 actions=load:0->NXM_OF_VLAN_TCI[],load:0xb->NXM_NX_TUN_ID[],output:2
2015-10-29 10:52:58.059 ovs-fdb DEBUG port  VLAN  MAC                Age
2015-10-29 10:52:58.064 ovs-fdb DEBUG 61     1  fa:16:3e:50:a3:46    0
2015-10-29 10:52:58.070 ovs-fdb DEBUG 4     1  fa:16:3e:c5:24:11    0
2015-10-29 10:52:58.081 ovs-fdb DEBUG cookie=0x0, duration=37.340s, table=20, n_packets=150, n_bytes=14532, hard_timeout=300, idle_age=0, hard_age=0, priority=1,vlan_tci=0x0001/0x0fff,dl_dst=fa:16:3e:50:a3:46 actions=load:0->NXM_OF_VLAN_TCI[],load:0xb->NXM_NX_TUN_ID[],output:2
2015-10-29 10:52:59.122 ovs-fdb DEBUG port  VLAN  MAC                Age
2015-10-29 10:52:59.138 ovs-fdb DEBUG 61     1  fa:16:3e:50:a3:46    0
2015-10-29 10:52:59.148 ovs-fdb DEBUG 4     1  fa:16:3e:c5:24:11    0
2015-10-29 10:52:59.167 ovs-fdb DEBUG cookie=0x0, duration=38.399s, table=20, n_packets=154, n_bytes=14924, hard_timeout=300, idle_age=0, hard_age=0, priority=1,vlan_tci=0x0001/0x0fff,dl_dst=fa:16:3e:50:a3:46 actions=load:0->NXM_OF_VLAN_TCI[],load:0xb->NXM_NX_TUN_ID[],output:2
2015-10-29 10:53:00.184 ovs-fdb DEBUG port  VLAN  MAC                Age
2015-10-29 10:53:00.191 ovs-fdb DEBUG 61     1  fa:16:3e:50:a3:46    0
2015-10-29 10:53:00.197 ovs-fdb DEBUG 4     1  fa:16:3e:c5:24:11    0
2015-10-29 10:53:00.201 ovs-fdb DEBUG cookie=0x0, duration=39.456s, table=20, n_packets=160, n_bytes=15512, hard_timeout=300, idle_age=0, hard_age=0, priority=1,vlan_tci=0x0001/0x0fff,dl_dst=fa:16:3e:50:a3:46 actions=load:0->NXM_OF_VLAN_TCI[],load:0xb->NXM_NX_TUN_ID[],output:2
2015-10-29 10:53:01.235 ovs-fdb DEBUG port  VLAN  MAC                Age
2015-10-29 10:53:01.239 ovs-fdb DEBUG 61     1  fa:16:3e:50:a3:46    0
2015-10-29 10:53:01.243 ovs-fdb DEBUG 4     1  fa:16:3e:c5:24:11    0
2015-10-29 10:53:01.248 ovs-fdb DEBUG cookie=0x0, duration=40.492s, table=20, n_packets=164, n_bytes=15904, hard_timeout=300, idle_age=0, hard_age=0, priority=1,vlan_tci=0x0001/0x0fff,dl_dst=fa:16:3e:50:a3:46 actions=load:0->NXM_OF_VLAN_TCI[],load:0xb->NXM_NX_TUN_ID[],output:2
2015-10-29 10:53:02.277 ovs-fdb DEBUG port  VLAN  MAC                Age
2015-10-29 10:53:02.293 ovs-fdb DEBUG 61     1  fa:16:3e:50:a3:46    0
2015-10-29 10:53:02.304 ovs-fdb DEBUG 4     1  fa:16:3e:c5:24:11    0
2015-10-29 10:53:02.322 ovs-fdb DEBUG cookie=0x0, duration=41.567s, table=20, n_packets=168, n_bytes=16296, hard_timeout=300, idle_age=0, hard_age=0, priority=1,vlan_tci=0x0001/0x0fff,dl_dst=fa:16:3e:50:a3:46 actions=load:0->NXM_OF_VLAN_TCI[],load:0xb->NXM_NX_TUN_ID[],output:2
2015-10-29 10:53:03.359 ovs-fdb DEBUG port  VLAN  MAC                Age
2015-10-29 10:53:03.373 ovs-fdb DEBUG 61     1  fa:16:3e:50:a3:46    0
2015-10-29 10:53:03.382 ovs-fdb DEBUG 4     1  fa:16:3e:c5:24:11    0
2015-10-29 10:53:03.397 ovs-fdb DEBUG cookie=0x0, duration=42.639s, table=20, n_packets=172, n_bytes=16688, hard_timeout=300, idle_age=0, hard_age=0, priority=1,vlan_tci=0x0001/0x0fff,dl_dst=fa:16:3e:50:a3:46 actions=load:0->NXM_OF_VLAN_TCI[],load:0xb->NXM_NX_TUN_ID[],output:2
2015-10-29 10:53:04.431 ovs-fdb DEBUG port  VLAN  MAC                Age
2015-10-29 10:53:04.452 ovs-fdb DEBUG 61     1  fa:16:3e:50:a3:46    1
2015-10-29 10:53:04.458 ovs-fdb DEBUG 4     1  fa:16:3e:c5:24:11    1
2015-10-29 10:53:04.464 ovs-fdb DEBUG cookie=0x0, duration=43.704s, table=20, n_packets=176, n_bytes=17080, hard_timeout=300, idle_age=0, hard_age=0, priority=1,vlan_tci=0x0001/0x0fff,dl_dst=fa:16:3e:50:a3:46 actions=load:0->NXM_OF_VLAN_TCI[],load:0xb->NXM_NX_TUN_ID[],output:2
2015-10-29 10:53:05.465 ovs-fdb DEBUG port  VLAN  MAC                Age
2015-10-29 10:53:05.474 ovs-fdb DEBUG 61     1  fa:16:3e:50:a3:46    1
2015-10-29 10:53:05.485 ovs-fdb DEBUG 4     1  fa:16:3e:c5:24:11    1
2015-10-29 10:53:05.497 ovs-fdb DEBUG cookie=0x0, duration=44.745s, table=20, n_packets=180, n_bytes=17472, hard_timeout=300, idle_age=0, hard_age=0, priority=1,vlan_tci=0x0001/0x0fff,dl_dst=fa:16:3e:50:a3:46 actions=load:0->NXM_OF_VLAN_TCI[],load:0xb->NXM_NX_TUN_ID[],output:2
2015-10-29 10:53:06.536 ovs-fdb DEBUG port  VLAN  MAC                Age
2015-10-29 10:53:06.546 ovs-fdb DEBUG 61     1  fa:16:3e:50:a3:46    1
2015-10-29 10:53:06.552 ovs-fdb DEBUG 4     1  fa:16:3e:c5:24:11    1
2015-10-29 10:53:06.567 ovs-fdb DEBUG cookie=0x0, duration=45.821s, table=20, n_packets=185, n_bytes=17906, hard_timeout=300, idle_age=0, hard_age=0, priority=1,vlan_tci=0x0001/0x0fff,dl_dst=fa:16:3e:50:a3:46 actions=load:0->NXM_OF_VLAN_TCI[],load:0xb->NXM_NX_TUN_ID[],output:2
2015-10-29 10:53:07.639 ovs-fdb DEBUG port  VLAN  MAC                Age
2015-10-29 10:53:07.656 ovs-fdb DEBUG 62     0  16:41:06:5e:22:39    1
2015-10-29 10:53:07.665 ovs-fdb DEBUG 61     1  fa:16:3e:50:a3:46    1
2015-10-29 10:53:07.670 ovs-fdb DEBUG 4     1  fa:16:3e:c5:24:11    1
2015-10-29 10:53:07.678 ovs-fdb DEBUG cookie=0x0, duration=46.909s, table=20, n_packets=189, n_bytes=18298, hard_timeout=300, idle_age=0, hard_age=0, priority=1,vlan_tci=0x0001/0x0fff,dl_dst=fa:16:3e:50:a3:46 actions=load:0->NXM_OF_VLAN_TCI[],load:0xb->NXM_NX_TUN_ID[],output:2
2015-10-29 10:53:08.681 ovs-fdb DEBUG port  VLAN  MAC                Age
2015-10-29 10:53:08.688 ovs-fdb DEBUG 62     0  16:41:06:5e:22:39    2
2015-10-29 10:53:08.703 ovs-fdb DEBUG 61     1  fa:16:3e:50:a3:46    1
2015-10-29 10:53:08.715 ovs-fdb DEBUG 4     1  fa:16:3e:c5:24:11    1
2015-10-29 10:53:08.723 ovs-fdb DEBUG cookie=0x0, duration=47.972s, table=20, n_packets=193, n_bytes=18690, hard_timeout=300, idle_age=0, hard_age=0, priority=1,vlan_tci=0x0001/0x0fff,dl_dst=fa:16:3e:50:a3:46 actions=load:0->NXM_OF_VLAN_TCI[],load:0xb->NXM_NX_TUN_ID[],output:2
2015-10-29 10:53:09.746 ovs-fdb DEBUG port  VLAN  MAC                Age
2015-10-29 10:53:09.757 ovs-fdb DEBUG 62     0  16:41:06:5e:22:39    3
2015-10-29 10:53:09.776 ovs-fdb DEBUG 61     1  fa:16:3e:50:a3:46    1
2015-10-29 10:53:09.786 ovs-fdb DEBUG 4     1  fa:16:3e:c5:24:11    1
2015-10-29 10:53:09.793 ovs-fdb DEBUG cookie=0x0, duration=49.030s, table=20, n_packets=197, n_bytes=19082, hard_timeout=300, idle_age=0, hard_age=0, priority=1,vlan_tci=0x0001/0x0fff,dl_dst=fa:16:3e:50:a3:46 actions=load:0->NXM_OF_VLAN_TCI[],load:0xb->NXM_NX_TUN_ID[],output:2
2015-10-29 10:53:10.838 ovs-fdb DEBUG port  VLAN  MAC                Age
2015-10-29 10:53:10.852 ovs-fdb DEBUG 62     0  16:41:06:5e:22:39    1
2015-10-29 10:53:10.864 ovs-fdb DEBUG 61     1  fa:16:3e:50:a3:46    1
2015-10-29 10:53:10.873 ovs-fdb DEBUG 4     1  fa:16:3e:c5:24:11    1
2015-10-29 10:53:10.888 ovs-fdb DEBUG cookie=0x0, duration=50.141s, table=20, n_packets=203, n_bytes=19670, hard_timeout=300, idle_age=0, hard_age=0, priority=1,vlan_tci=0x0001/0x0fff,dl_dst=fa:16:3e:50:a3:46 actions=load:0->NXM_OF_VLAN_TCI[],load:0xb->NXM_NX_TUN_ID[],output:2
2015-10-29 10:53:11.910 ovs-fdb DEBUG port  VLAN  MAC                Age
2015-10-29 10:53:11.924 ovs-fdb DEBUG 62     0  16:41:06:5e:22:39    2
2015-10-29 10:53:11.938 ovs-fdb DEBUG 61     1  fa:16:3e:50:a3:46    0
2015-10-29 10:53:11.946 ovs-fdb DEBUG 4     1  fa:16:3e:c5:24:11    0
2015-10-29 10:53:11.952 ovs-fdb DEBUG cookie=0x0, duration=51.191s, table=20, n_packets=207, n_bytes=20062, hard_timeout=300, idle_age=0, hard_age=0, priority=1,vlan_tci=0x0001/0x0fff,dl_dst=fa:16:3e:50:a3:46 actions=load:0->NXM_OF_VLAN_TCI[],load:0xb->NXM_NX_TUN_ID[],output:2
2015-10-29 10:53:12.959 ovs-fdb DEBUG port  VLAN  MAC                Age
2015-10-29 10:53:12.969 ovs-fdb DEBUG 62     0  16:41:06:5e:22:39    3
2015-10-29 10:53:12.975 ovs-fdb DEBUG 62     0  fa:16:3e:50:a3:46    0
2015-10-29 10:53:12.982 ovs-fdb DEBUG 61     1  fa:16:3e:50:a3:46    0
2015-10-29 10:53:12.994 ovs-fdb DEBUG 4     1  fa:16:3e:c5:24:11    0
2015-10-29 10:53:13.003 ovs-fdb DEBUG cookie=0x0, duration=52.233s, table=20, n_packets=211, n_bytes=20454, hard_timeout=300, idle_age=0, hard_age=0, priority=1,vlan_tci=0x0001/0x0fff,dl_dst=fa:16:3e:50:a3:46 actions=load:0->NXM_OF_VLAN_TCI[],load:0xb->NXM_NX_TUN_ID[],output:2
2015-10-29 10:53:14.005 ovs-fdb DEBUG port  VLAN  MAC                Age
2015-10-29 10:53:14.009 ovs-fdb DEBUG 61     1  fa:16:3e:50:a3:46    1
2015-10-29 10:53:14.013 ovs-fdb DEBUG 62     0  16:41:06:5e:22:39    0
2015-10-29 10:53:14.019 ovs-fdb DEBUG 62     0  fa:16:3e:50:a3:46    0
2015-10-29 10:53:14.028 ovs-fdb DEBUG 4     1  fa:16:3e:c5:24:11    0
2015-10-29 10:53:14.034 ovs-fdb DEBUG cookie=0x0, duration=53.288s, table=20, n_packets=215, n_bytes=20846, hard_timeout=300, idle_age=0, hard_age=1, priority=1,vlan_tci=0x0001/0x0fff,dl_dst=fa:16:3e:50:a3:46 actions=load:0->NXM_OF_VLAN_TCI[],load:0xb->NXM_NX_TUN_ID[],output:2
2015-10-29 10:53:15.050 ovs-fdb DEBUG port  VLAN  MAC                Age
2015-10-29 10:53:15.066 ovs-fdb DEBUG 61     1  fa:16:3e:50:a3:46    2
2015-10-29 10:53:15.072 ovs-fdb DEBUG 62     0  16:41:06:5e:22:39    1
2015-10-29 10:53:15.079 ovs-fdb DEBUG 62     0  fa:16:3e:50:a3:46    1
2015-10-29 10:53:15.087 ovs-fdb DEBUG 4     1  fa:16:3e:c5:24:11    0
2015-10-29 10:53:15.093 ovs-fdb DEBUG cookie=0x0, duration=54.326s, table=20, n_packets=219, n_bytes=21238, hard_timeout=300, idle_age=0, hard_age=2, priority=1,vlan_tci=0x0001/0x0fff,dl_dst=fa:16:3e:50:a3:46 actions=load:0->NXM_OF_VLAN_TCI[],load:0xb->NXM_NX_TUN_ID[],output:2
2015-10-29 10:53:16.106 ovs-fdb DEBUG port  VLAN  MAC                Age
2015-10-29 10:53:16.119 ovs-fdb DEBUG 61     1  fa:16:3e:50:a3:46    3
2015-10-29 10:53:16.125 ovs-fdb DEBUG 62     0  16:41:06:5e:22:39    2
2015-10-29 10:53:16.131 ovs-fdb DEBUG 62     0  fa:16:3e:50:a3:46    2
2015-10-29 10:53:16.137 ovs-fdb DEBUG 4     1  fa:16:3e:c5:24:11    0
2015-10-29 10:53:16.144 ovs-fdb DEBUG cookie=0x0, duration=55.386s, table=20, n_packets=223, n_bytes=21630, hard_timeout=300, idle_age=0, hard_age=3, priority=1,vlan_tci=0x0001/0x0fff,dl_dst=fa:16:3e:50:a3:46 actions=load:0->NXM_OF_VLAN_TCI[],load:0xb->NXM_NX_TUN_ID[],output:2
2015-10-29 10:53:17.157 ovs-fdb DEBUG port  VLAN  MAC                Age
2015-10-29 10:53:17.170 ovs-fdb DEBUG 61     1  fa:16:3e:50:a3:46    4
2015-10-29 10:53:17.178 ovs-fdb DEBUG 4     1  fa:16:3e:c5:24:11    0
2015-10-29 10:53:17.182 ovs-fdb DEBUG cookie=0x0, duration=56.438s, table=20, n_packets=227, n_bytes=22022, hard_timeout=300, idle_age=0, hard_age=4, priority=1,vlan_tci=0x0001/0x0fff,dl_dst=fa:16:3e:50:a3:46 actions=load:0->NXM_OF_VLAN_TCI[],load:0xb->NXM_NX_TUN_ID[],output:2
2015-10-29 10:53:18.222 ovs-fdb DEBUG port  VLAN  MAC                Age
2015-10-29 10:53:18.234 ovs-fdb DEBUG 61     1  fa:16:3e:50:a3:46    5
2015-10-29 10:53:18.243 ovs-fdb DEBUG 4     1  fa:16:3e:c5:24:11    0
2015-10-29 10:53:18.252 ovs-fdb DEBUG cookie=0x0, duration=57.499s, table=20, n_packets=233, n_bytes=22610, hard_timeout=300, idle_age=0, hard_age=5, priority=1,vlan_tci=0x0001/0x0fff,dl_dst=fa:16:3e:50:a3:46 actions=load:0->NXM_OF_VLAN_TCI[],load:0xb->NXM_NX_TUN_ID[],output:2
2015-10-29 10:53:19.274 ovs-fdb DEBUG port  VLAN  MAC                Age
2015-10-29 10:53:19.282 ovs-fdb DEBUG 61     1  fa:16:3e:50:a3:46    6
2015-10-29 10:53:19.290 ovs-fdb DEBUG 4     1  fa:16:3e:c5:24:11    0
2015-10-29 10:53:19.308 ovs-fdb DEBUG cookie=0x0, duration=58.556s, table=20, n_packets=237, n_bytes=23002, hard_timeout=300, idle_age=0, hard_age=6, priority=1,vlan_tci=0x0001/0x0fff,dl_dst=fa:16:3e:50:a3:46 actions=load:0->NXM_OF_VLAN_TCI[],load:0xb->NXM_NX_TUN_ID[],output:2
2015-10-29 10:53:20.327 ovs-fdb DEBUG port  VLAN  MAC                Age
2015-10-29 10:53:20.341 ovs-fdb DEBUG 61     1  fa:16:3e:50:a3:46    7
2015-10-29 10:53:20.352 ovs-fdb DEBUG 4     1  fa:16:3e:c5:24:11    0
2015-10-29 10:53:20.368 ovs-fdb DEBUG cookie=0x0, duration=59.616s, table=20, n_packets=241, n_bytes=23394, hard_timeout=300, idle_age=0, hard_age=7, priority=1,vlan_tci=0x0001/0x0fff,dl_dst=fa:16:3e:50:a3:46 actions=load:0->NXM_OF_VLAN_TCI[],load:0xb->NXM_NX_TUN_ID[],output:2
2015-10-29 10:53:21.392 ovs-fdb DEBUG port  VLAN  MAC                Age
2015-10-29 10:53:21.414 ovs-fdb DEBUG 61     1  fa:16:3e:50:a3:46    8
2015-10-29 10:53:21.419 ovs-fdb DEBUG 4     1  fa:16:3e:c5:24:11    0
2015-10-29 10:53:21.425 ovs-fdb DEBUG cookie=0x0, duration=60.668s, table=20, n_packets=245, n_bytes=23786, hard_timeout=300, idle_age=0, hard_age=8, priority=1,vlan_tci=0x0001/0x0fff,dl_dst=fa:16:3e:50:a3:46 actions=load:0->NXM_OF_VLAN_TCI[],load:0xb->NXM_NX_TUN_ID[],output:2
2015-10-29 10:53:22.455 ovs-fdb DEBUG port  VLAN  MAC                Age
2015-10-29 10:53:22.461 ovs-fdb DEBUG 61     1  fa:16:3e:50:a3:46   10
2015-10-29 10:53:22.473 ovs-fdb DEBUG 4     1  fa:16:3e:c5:24:11    1
2015-10-29 10:53:22.485 ovs-fdb DEBUG cookie=0x0, duration=61.734s, table=20, n_packets=249, n_bytes=24178, hard_timeout=300, idle_age=0, hard_age=9, priority=1,vlan_tci=0x0001/0x0fff,dl_dst=fa:16:3e:50:a3:46 actions=load:0->NXM_OF_VLAN_TCI[],load:0xb->NXM_NX_TUN_ID[],output:2
2015-10-29 10:53:23.503 ovs-fdb DEBUG port  VLAN  MAC                Age
2015-10-29 10:53:23.508 ovs-fdb DEBUG 61     1  fa:16:3e:50:a3:46   11
2015-10-29 10:53:23.523 ovs-fdb DEBUG 4     1  fa:16:3e:c5:24:11    1
2015-10-29 10:53:23.531 ovs-fdb DEBUG cookie=0x0, duration=62.789s, table=20, n_packets=253, n_bytes=24570, hard_timeout=300, idle_age=0, hard_age=10, priority=1,vlan_tci=0x0001/0x0fff,dl_dst=fa:16:3e:50:a3:46 actions=load:0->NXM_OF_VLAN_TCI[],load:0xb->NXM_NX_TUN_ID[],output:2
2015-10-29 10:53:24.576 ovs-fdb DEBUG port  VLAN  MAC                Age
2015-10-29 10:53:24.593 ovs-fdb DEBUG 61     1  fa:16:3e:50:a3:46   12
2015-10-29 10:53:24.605 ovs-fdb DEBUG 4     1  fa:16:3e:c5:24:11    1
2015-10-29 10:53:24.618 ovs-fdb DEBUG cookie=0x0, duration=63.872s, table=20, n_packets=257, n_bytes=24962, hard_timeout=300, idle_age=0, hard_age=11, priority=1,vlan_tci=0x0001/0x0fff,dl_dst=fa:16:3e:50:a3:46 actions=load:0->NXM_OF_VLAN_TCI[],load:0xb->NXM_NX_TUN_ID[],output:2
2015-10-29 10:53:25.635 ovs-fdb DEBUG port  VLAN  MAC                Age
2015-10-29 10:53:25.645 ovs-fdb DEBUG 61     1  fa:16:3e:50:a3:46   13
2015-10-29 10:53:25.652 ovs-fdb DEBUG 4     1  fa:16:3e:c5:24:11    1
2015-10-29 10:53:25.656 ovs-fdb DEBUG cookie=0x0, duration=64.909s, table=20, n_packets=261, n_bytes=25354, hard_timeout=300, idle_age=0, hard_age=12, priority=1,vlan_tci=0x0001/0x0fff,dl_dst=fa:16:3e:50:a3:46 actions=load:0->NXM_OF_VLAN_TCI[],load:0xb->NXM_NX_TUN_ID[],output:2
2015-10-29 10:53:26.674 ovs-fdb DEBUG port  VLAN  MAC                Age
2015-10-29 10:53:26.684 ovs-fdb DEBUG 61     1  fa:16:3e:50:a3:46   14
2015-10-29 10:53:26.691 ovs-fdb DEBUG 4     1  fa:16:3e:c5:24:11    1
2015-10-29 10:53:26.702 ovs-fdb DEBUG cookie=0x0, duration=65.961s, table=20, n_packets=265, n_bytes=25746, hard_timeout=300, idle_age=0, hard_age=13, priority=1,vlan_tci=0x0001/0x0fff,dl_dst=fa:16:3e:50:a3:46 actions=load:0->NXM_OF_VLAN_TCI[],load:0xb->NXM_NX_TUN_ID[],output:2
2015-10-29 10:53:27.717 ovs-fdb DEBUG port  VLAN  MAC                Age
2015-10-29 10:53:27.722 ovs-fdb DEBUG 61     1  fa:16:3e:50:a3:46   15
2015-10-29 10:53:27.726 ovs-fdb DEBUG 4     1  fa:16:3e:c5:24:11    1
2015-10-29 10:53:27.740 ovs-fdb DEBUG cookie=0x0, duration=67s, table=20, n_packets=271, n_bytes=26334, hard_timeout=300, idle_age=0, hard_age=14, priority=1,vlan_tci=0x0001/0x0fff,dl_dst=fa:16:3e:50:a3:46 actions=load:0->NXM_OF_VLAN_TCI[],load:0xb->NXM_NX_TUN_ID[],output:2
2015-10-29 10:53:28.761 ovs-fdb DEBUG port  VLAN  MAC                Age
2015-10-29 10:53:28.766 ovs-fdb DEBUG 61     1  fa:16:3e:50:a3:46   16
2015-10-29 10:53:28.772 ovs-fdb DEBUG 4     1  fa:16:3e:c5:24:11    0
2015-10-29 10:53:28.787 ovs-fdb DEBUG cookie=0x0, duration=68.047s, table=20, n_packets=275, n_bytes=26726, hard_timeout=300, idle_age=0, hard_age=15, priority=1,vlan_tci=0x0001/0x0fff,dl_dst=fa:16:3e:50:a3:46 actions=load:0->NXM_OF_VLAN_TCI[],load:0xb->NXM_NX_TUN_ID[],output:2
2015-10-29 10:53:29.817 ovs-fdb DEBUG port  VLAN  MAC                Age
2015-10-29 10:53:29.824 ovs-fdb DEBUG 61     1  fa:16:3e:50:a3:46   17
2015-10-29 10:53:29.829 ovs-fdb DEBUG 4     1  fa:16:3e:c5:24:11    0
2015-10-29 10:53:29.849 ovs-fdb DEBUG cookie=0x0, duration=69.094s, table=20, n_packets=279, n_bytes=27118, hard_timeout=300, idle_age=0, hard_age=16, priority=1,vlan_tci=0x0001/0x0fff,dl_dst=fa:16:3e:50:a3:46 actions=load:0->NXM_OF_VLAN_TCI[],load:0xb->NXM_NX_TUN_ID[],output:2
2015-10-29 10:53:30.858 ovs-fdb DEBUG port  VLAN  MAC                Age
2015-10-29 10:53:30.867 ovs-fdb DEBUG 61     1  fa:16:3e:50:a3:46   18
2015-10-29 10:53:30.874 ovs-fdb DEBUG 4     1  fa:16:3e:c5:24:11    0
2015-10-29 10:53:30.880 ovs-fdb DEBUG cookie=0x0, duration=70.137s, table=20, n_packets=283, n_bytes=27510, hard_timeout=300, idle_age=0, hard_age=18, priority=1,vlan_tci=0x0001/0x0fff,dl_dst=fa:16:3e:50:a3:46 actions=load:0->NXM_OF_VLAN_TCI[],load:0xb->NXM_NX_TUN_ID[],output:2
2015-10-29 10:53:31.891 ovs-fdb DEBUG port  VLAN  MAC                Age
2015-10-29 10:53:31.895 ovs-fdb DEBUG 61     1  fa:16:3e:50:a3:46   19
2015-10-29 10:53:31.900 ovs-fdb DEBUG 4     1  fa:16:3e:c5:24:11    0
2015-10-29 10:53:31.917 ovs-fdb DEBUG cookie=0x0, duration=71.176s, table=20, n_packets=287, n_bytes=27902, hard_timeout=300, idle_age=0, hard_age=19, priority=1,vlan_tci=0x0001/0x0fff,dl_dst=fa:16:3e:50:a3:46 actions=load:0->NXM_OF_VLAN_TCI[],load:0xb->NXM_NX_TUN_ID[],output:2
2015-10-29 10:53:32.935 ovs-fdb DEBUG port  VLAN  MAC                Age
2015-10-29 10:53:32.951 ovs-fdb DEBUG 61     1  fa:16:3e:50:a3:46   20
2015-10-29 10:53:32.956 ovs-fdb DEBUG 4     1  fa:16:3e:c5:24:11    0
2015-10-29 10:53:32.963 ovs-fdb DEBUG cookie=0x0, duration=72.212s, table=20, n_packets=291, n_bytes=28294, hard_timeout=300, idle_age=0, hard_age=20, priority=1,vlan_tci=0x0001/0x0fff,dl_dst=fa:16:3e:50:a3:46 actions=load:0->NXM_OF_VLAN_TCI[],load:0xb->NXM_NX_TUN_ID[],output:2
2015-10-29 10:53:33.968 ovs-fdb DEBUG port  VLAN  MAC                Age
2015-10-29 10:53:33.975 ovs-fdb DEBUG 61     1  fa:16:3e:50:a3:46   21
2015-10-29 10:53:33.979 ovs-fdb DEBUG 4     1  fa:16:3e:c5:24:11    0
2015-10-29 10:53:33.985 ovs-fdb DEBUG cookie=0x0, duration=73.247s, table=20, n_packets=295, n_bytes=28686, hard_timeout=300, idle_age=0, hard_age=21, priority=1,vlan_tci=0x0001/0x0fff,dl_dst=fa:16:3e:50:a3:46 actions=load:0->NXM_OF_VLAN_TCI[],load:0xb->NXM_NX_TUN_ID[],output:2
2015-10-29 10:53:34.999 ovs-fdb DEBUG port  VLAN  MAC                Age
2015-10-29 10:53:35.009 ovs-fdb DEBUG 61     1  fa:16:3e:50:a3:46   22
2015-10-29 10:53:35.016 ovs-fdb DEBUG 4     1  fa:16:3e:c5:24:11    0
2015-10-29 10:53:35.023 ovs-fdb DEBUG cookie=0x0, duration=74.277s, table=20, n_packets=299, n_bytes=29078, hard_timeout=300, idle_age=0, hard_age=22, priority=1,vlan_tci=0x0001/0x0fff,dl_dst=fa:16:3e:50:a3:46 actions=load:0->NXM_OF_VLAN_TCI[],load:0xb->NXM_NX_TUN_ID[],output:2
2015-10-29 10:53:36.031 ovs-fdb DEBUG port  VLAN  MAC                Age
2015-10-29 10:53:36.035 ovs-fdb DEBUG 61     1  fa:16:3e:50:a3:46   23
2015-10-29 10:53:36.039 ovs-fdb DEBUG 4     1  fa:16:3e:c5:24:11    0
2015-10-29 10:53:36.046 ovs-fdb DEBUG cookie=0x0, duration=75.308s, table=20, n_packets=303, n_bytes=29470, hard_timeout=300, idle_age=0, hard_age=23, priority=1,vlan_tci=0x0001/0x0fff,dl_dst=fa:16:3e:50:a3:46 actions=load:0->NXM_OF_VLAN_TCI[],load:0xb->NXM_NX_TUN_ID[],output:2
2015-10-29 10:53:37.060 ovs-fdb DEBUG port  VLAN  MAC                Age
2015-10-29 10:53:37.072 ovs-fdb DEBUG 61     1  fa:16:3e:50:a3:46   24
2015-10-29 10:53:37.079 ovs-fdb DEBUG 4     1  fa:16:3e:c5:24:11    0
2015-10-29 10:53:37.083 ovs-fdb DEBUG cookie=0x0, duration=76.337s, table=20, n_packets=307, n_bytes=29862, hard_timeout=300, idle_age=0, hard_age=24, priority=1,vlan_tci=0x0001/0x0fff,dl_dst=fa:16:3e:50:a3:46 actions=load:0->NXM_OF_VLAN_TCI[],load:0xb->NXM_NX_TUN_ID[],output:2
2015-10-29 10:53:38.093 ovs-fdb DEBUG port  VLAN  MAC                Age
2015-10-29 10:53:38.097 ovs-fdb DEBUG 61     1  fa:16:3e:50:a3:46   25
2015-10-29 10:53:38.102 ovs-fdb DEBUG 4     1  fa:16:3e:c5:24:11    0
2015-10-29 10:53:38.107 ovs-fdb DEBUG cookie=0x0, duration=77.367s, table=20, n_packets=311, n_bytes=30254, hard_timeout=300, idle_age=0, hard_age=25, priority=1,vlan_tci=0x0001/0x0fff,dl_dst=fa:16:3e:50:a3:46 actions=load:0->NXM_OF_VLAN_TCI[],load:0xb->NXM_NX_TUN_ID[],output:2
2015-10-29 10:53:39.125 ovs-fdb DEBUG port  VLAN  MAC                Age
2015-10-29 10:53:39.139 ovs-fdb DEBUG 61     1  fa:16:3e:50:a3:46   26
2015-10-29 10:53:39.149 ovs-fdb DEBUG 4     1  fa:16:3e:c5:24:11    0
2015-10-29 10:53:39.157 ovs-fdb DEBUG cookie=0x0, duration=78.409s, table=20, n_packets=315, n_bytes=30646, hard_timeout=300, idle_age=0, hard_age=26, priority=1,vlan_tci=0x0001/0x0fff,dl_dst=fa:16:3e:50:a3:46 actions=load:0->NXM_OF_VLAN_TCI[],load:0xb->NXM_NX_TUN_ID[],output:2
2015-10-29 10:53:40.166 ovs-fdb DEBUG port  VLAN  MAC                Age
2015-10-29 10:53:40.177 ovs-fdb DEBUG 61     1  fa:16:3e:50:a3:46   27
2015-10-29 10:53:40.182 ovs-fdb DEBUG 4     1  fa:16:3e:c5:24:11    0
2015-10-29 10:53:40.186 ovs-fdb DEBUG cookie=0x0, duration=79.441s, table=20, n_packets=319, n_bytes=31038, hard_timeout=300, idle_age=0, hard_age=27, priority=1,vlan_tci=0x0001/0x0fff,dl_dst=fa:16:3e:50:a3:46 actions=load:0->NXM_OF_VLAN_TCI[],load:0xb->NXM_NX_TUN_ID[],output:2
2015-10-29 10:53:41.195 ovs-fdb DEBUG port  VLAN  MAC                Age
2015-10-29 10:53:41.199 ovs-fdb DEBUG 61     1  fa:16:3e:50:a3:46   28
2015-10-29 10:53:41.203 ovs-fdb DEBUG 4     1  fa:16:3e:c5:24:11    0
2015-10-29 10:53:41.218 ovs-fdb DEBUG cookie=0x0, duration=80.478s, table=20, n_packets=323, n_bytes=31430, hard_timeout=300, idle_age=0, hard_age=28, priority=1,vlan_tci=0x0001/0x0fff,dl_dst=fa:16:3e:50:a3:46 actions=load:0->NXM_OF_VLAN_TCI[],load:0xb->NXM_NX_TUN_ID[],output:2
2015-10-29 10:53:42.236 ovs-fdb DEBUG port  VLAN  MAC                Age
2015-10-29 10:53:42.242 ovs-fdb DEBUG 61     1  fa:16:3e:50:a3:46   29
2015-10-29 10:53:42.248 ovs-fdb DEBUG 4     1  fa:16:3e:c5:24:11    0
2015-10-29 10:53:42.253 ovs-fdb DEBUG cookie=0x0, duration=81.512s, table=20, n_packets=328, n_bytes=31864, hard_timeout=300, idle_age=0, hard_age=29, priority=1,vlan_tci=0x0001/0x0fff,dl_dst=fa:16:3e:50:a3:46 actions=load:0->NXM_OF_VLAN_TCI[],load:0xb->NXM_NX_TUN_ID[],output:2
2015-10-29 10:53:43.268 ovs-fdb DEBUG port  VLAN  MAC                Age
2015-10-29 10:53:43.277 ovs-fdb DEBUG 61     1  fa:16:3e:50:a3:46   30
2015-10-29 10:53:43.282 ovs-fdb DEBUG 4     1  fa:16:3e:c5:24:11    0
2015-10-29 10:53:43.288 ovs-fdb DEBUG cookie=0x0, duration=82.549s, table=20, n_packets=335, n_bytes=32494, hard_timeout=300, idle_age=0, hard_age=30, priority=1,vlan_tci=0x0001/0x0fff,dl_dst=fa:16:3e:50:a3:46 actions=load:0->NXM_OF_VLAN_TCI[],load:0xb->NXM_NX_TUN_ID[],output:2
2015-10-29 10:53:44.305 ovs-fdb DEBUG port  VLAN  MAC                Age
2015-10-29 10:53:44.309 ovs-fdb DEBUG 61     1  fa:16:3e:50:a3:46   31
2015-10-29 10:53:44.315 ovs-fdb DEBUG 4     1  fa:16:3e:c5:24:11    0
2015-10-29 10:53:44.319 ovs-fdb DEBUG cookie=0x0, duration=83.577s, table=20, n_packets=340, n_bytes=32928, hard_timeout=300, idle_age=0, hard_age=31, priority=1,vlan_tci=0x0001/0x0fff,dl_dst=fa:16:3e:50:a3:46 actions=load:0->NXM_OF_VLAN_TCI[],load:0xb->NXM_NX_TUN_ID[],output:2
2015-10-29 10:53:45.332 ovs-fdb DEBUG port  VLAN  MAC                Age
2015-10-29 10:53:45.340 ovs-fdb DEBUG 4     1  fa:16:3e:c5:24:11    0
2015-10-29 10:53:45.350 ovs-fdb DEBUG 62     1  fa:16:3e:50:a3:46    0
2015-10-29 10:53:45.356 ovs-fdb DEBUG cookie=0x0, duration=84.615s, table=20, n_packets=344, n_bytes=33320, hard_timeout=300, idle_age=0, hard_age=32, priority=1,vlan_tci=0x0001/0x0fff,dl_dst=fa:16:3e:50:a3:46 actions=load:0->NXM_OF_VLAN_TCI[],load:0xb->NXM_NX_TUN_ID[],output:2
2015-10-29 10:53:46.368 ovs-fdb DEBUG port  VLAN  MAC                Age
2015-10-29 10:53:46.373 ovs-fdb DEBUG 4     1  fa:16:3e:c5:24:11    0
2015-10-29 10:53:46.377 ovs-fdb DEBUG 62     1  fa:16:3e:50:a3:46    0
2015-10-29 10:53:46.383 ovs-fdb DEBUG cookie=0x0, duration=85.644s, table=20, n_packets=344, n_bytes=33320, hard_timeout=300, idle_age=1, hard_age=33, priority=1,vlan_tci=0x0001/0x0fff,dl_dst=fa:16:3e:50:a3:46 actions=load:0->NXM_OF_VLAN_TCI[],load:0xb->NXM_NX_TUN_ID[],output:2
2015-10-29 10:53:47.397 ovs-fdb DEBUG port  VLAN  MAC                Age
2015-10-29 10:53:47.403 ovs-fdb DEBUG 62     1  fa:16:3e:50:a3:46    1
2015-10-29 10:53:47.407 ovs-fdb DEBUG 4     1  fa:16:3e:c5:24:11    1
2015-10-29 10:53:47.413 ovs-fdb DEBUG cookie=0x0, duration=86.674s, table=20, n_packets=344, n_bytes=33320, hard_timeout=300, idle_age=2, hard_age=34, priority=1,vlan_tci=0x0001/0x0fff,dl_dst=fa:16:3e:50:a3:46 actions=load:0->NXM_OF_VLAN_TCI[],load:0xb->NXM_NX_TUN_ID[],output:2
2015-10-29 10:53:48.427 ovs-fdb DEBUG port  VLAN  MAC                Age
2015-10-29 10:53:48.432 ovs-fdb DEBUG 62     1  fa:16:3e:50:a3:46    1
2015-10-29 10:53:48.435 ovs-fdb DEBUG 4     1  fa:16:3e:c5:24:11    1
2015-10-29 10:53:48.444 ovs-fdb DEBUG cookie=0x0, duration=87.705s, table=20, n_packets=344, n_bytes=33320, hard_timeout=300, idle_age=3, hard_age=35, priority=1,vlan_tci=0x0001/0x0fff,dl_dst=fa:16:3e:50:a3:46 actions=load:0->NXM_OF_VLAN_TCI[],load:0xb->NXM_NX_TUN_ID[],output:2
2015-10-29 10:53:49.456 ovs-fdb DEBUG port  VLAN  MAC                Age
2015-10-29 10:53:49.462 ovs-fdb DEBUG 62     1  fa:16:3e:50:a3:46    1
2015-10-29 10:53:49.466 ovs-fdb DEBUG 4     1  fa:16:3e:c5:24:11    1
2015-10-29 10:53:49.471 ovs-fdb DEBUG cookie=0x0, duration=88.732s, table=20, n_packets=344, n_bytes=33320, hard_timeout=300, idle_age=4, hard_age=36, priority=1,vlan_tci=0x0001/0x0fff,dl_dst=fa:16:3e:50:a3:46 actions=load:0->NXM_OF_VLAN_TCI[],load:0xb->NXM_NX_TUN_ID[],output:2
2015-10-29 10:53:50.484 ovs-fdb DEBUG port  VLAN  MAC                Age
2015-10-29 10:53:50.489 ovs-fdb DEBUG 62     1  fa:16:3e:50:a3:46    1
2015-10-29 10:53:50.494 ovs-fdb DEBUG 4     1  fa:16:3e:c5:24:11    1
2015-10-29 10:53:50.498 ovs-fdb DEBUG cookie=0x0, duration=89.760s, table=20, n_packets=344, n_bytes=33320, hard_timeout=300, idle_age=5, hard_age=37, priority=1,vlan_tci=0x0001/0x0fff,dl_dst=fa:16:3e:50:a3:46 actions=load:0->NXM_OF_VLAN_TCI[],load:0xb->NXM_NX_TUN_ID[],output:2
2015-10-29 10:53:51.512 ovs-fdb DEBUG port  VLAN  MAC                Age
2015-10-29 10:53:51.516 ovs-fdb DEBUG 62     1  fa:16:3e:50:a3:46    1
2015-10-29 10:53:51.521 ovs-fdb DEBUG 4     1  fa:16:3e:c5:24:11    1
2015-10-29 10:53:51.529 ovs-fdb DEBUG cookie=0x0, duration=90.790s, table=20, n_packets=344, n_bytes=33320, hard_timeout=300, idle_age=6, hard_age=38, priority=1,vlan_tci=0x0001/0x0fff,dl_dst=fa:16:3e:50:a3:46 actions=load:0->NXM_OF_VLAN_TCI[],load:0xb->NXM_NX_TUN_ID[],output:2
2015-10-29 10:53:52.542 ovs-fdb DEBUG port  VLAN  MAC                Age
2015-10-29 10:53:52.546 ovs-fdb DEBUG 62     1  fa:16:3e:50:a3:46    1
2015-10-29 10:53:52.550 ovs-fdb DEBUG 4     1  fa:16:3e:c5:24:11    1
2015-10-29 10:53:52.560 ovs-fdb DEBUG cookie=0x0, duration=91.820s, table=20, n_packets=344, n_bytes=33320, hard_timeout=300, idle_age=7, hard_age=39, priority=1,vlan_tci=0x0001/0x0fff,dl_dst=fa:16:3e:50:a3:46 actions=load:0->NXM_OF_VLAN_TCI[],load:0xb->NXM_NX_TUN_ID[],output:2
2015-10-29 10:53:53.574 ovs-fdb DEBUG port  VLAN  MAC                Age
2015-10-29 10:53:53.580 ovs-fdb DEBUG 62     1  fa:16:3e:50:a3:46    1
2015-10-29 10:53:53.584 ovs-fdb DEBUG 4     1  fa:16:3e:c5:24:11    1
2015-10-29 10:53:53.590 ovs-fdb DEBUG cookie=0x0, duration=92.850s, table=20, n_packets=344, n_bytes=33320, hard_timeout=300, idle_age=8, hard_age=40, priority=1,vlan_tci=0x0001/0x0fff,dl_dst=fa:16:3e:50:a3:46 actions=load:0->NXM_OF_VLAN_TCI[],load:0xb->NXM_NX_TUN_ID[],output:2
2015-10-29 10:53:54.604 ovs-fdb DEBUG port  VLAN  MAC                Age
2015-10-29 10:53:54.617 ovs-fdb DEBUG 62     1  fa:16:3e:50:a3:46    1
2015-10-29 10:53:54.622 ovs-fdb DEBUG 4     1  fa:16:3e:c5:24:11    1
2015-10-29 10:53:54.625 ovs-fdb DEBUG cookie=0x0, duration=93.882s, table=20, n_packets=344, n_bytes=33320, hard_timeout=300, idle_age=9, hard_age=41, priority=1,vlan_tci=0x0001/0x0fff,dl_dst=fa:16:3e:50:a3:46 actions=load:0->NXM_OF_VLAN_TCI[],load:0xb->NXM_NX_TUN_ID[],output:2
2015-10-29 10:53:55.635 ovs-fdb DEBUG port  VLAN  MAC                Age
2015-10-29 10:53:55.640 ovs-fdb DEBUG 62     1  fa:16:3e:50:a3:46    1
2015-10-29 10:53:55.645 ovs-fdb DEBUG 4     1  fa:16:3e:c5:24:11    1
2015-10-29 10:53:55.651 ovs-fdb DEBUG cookie=0x0, duration=94.912s, table=20, n_packets=344, n_bytes=33320, hard_timeout=300, idle_age=10, hard_age=42, priority=1,vlan_tci=0x0001/0x0fff,dl_dst=fa:16:3e:50:a3:46 actions=load:0->NXM_OF_VLAN_TCI[],load:0xb->NXM_NX_TUN_ID[],output:2
2015-10-29 10:53:56.667 ovs-fdb DEBUG port  VLAN  MAC                Age
2015-10-29 10:53:56.672 ovs-fdb DEBUG 62     1  fa:16:3e:50:a3:46    1
2015-10-29 10:53:56.677 ovs-fdb DEBUG 4     1  fa:16:3e:c5:24:11    1
2015-10-29 10:53:56.684 ovs-fdb DEBUG cookie=0x0, duration=95.945s, table=20, n_packets=344, n_bytes=33320, hard_timeout=300, idle_age=11, hard_age=43, priority=1,vlan_tci=0x0001/0x0fff,dl_dst=fa:16:3e:50:a3:46 actions=load:0->NXM_OF_VLAN_TCI[],load:0xb->NXM_NX_TUN_ID[],output:2
2015-10-29 10:53:57.698 ovs-fdb DEBUG port  VLAN  MAC                Age
2015-10-29 10:53:57.703 ovs-fdb DEBUG 62     1  fa:16:3e:50:a3:46    1
2015-10-29 10:53:57.707 ovs-fdb DEBUG 4     1  fa:16:3e:c5:24:11    1
2015-10-29 10:53:57.712 ovs-fdb DEBUG cookie=0x0, duration=96.974s, table=20, n_packets=344, n_bytes=33320, hard_timeout=300, idle_age=12, hard_age=44, priority=1,vlan_tci=0x0001/0x0fff,dl_dst=fa:16:3e:50:a3:46 actions=load:0->NXM_OF_VLAN_TCI[],load:0xb->NXM_NX_TUN_ID[],output:2
2015-10-29 10:53:58.735 ovs-fdb DEBUG port  VLAN  MAC                Age
2015-10-29 10:53:58.740 ovs-fdb DEBUG 62     1  fa:16:3e:50:a3:46    1
2015-10-29 10:53:58.746 ovs-fdb DEBUG 4     1  fa:16:3e:c5:24:11    1
2015-10-29 10:53:58.758 ovs-fdb DEBUG cookie=0x0, duration=98.006s, table=20, n_packets=344, n_bytes=33320, hard_timeout=300, idle_age=13, hard_age=45, priority=1,vlan_tci=0x0001/0x0fff,dl_dst=fa:16:3e:50:a3:46 actions=load:0->NXM_OF_VLAN_TCI[],load:0xb->NXM_NX_TUN_ID[],output:2
2015-10-29 10:53:59.781 ovs-fdb DEBUG port  VLAN  MAC                Age
2015-10-29 10:53:59.787 ovs-fdb DEBUG 62     1  fa:16:3e:50:a3:46    1
2015-10-29 10:53:59.792 ovs-fdb DEBUG 4     1  fa:16:3e:c5:24:11    1
2015-10-29 10:53:59.796 ovs-fdb DEBUG cookie=0x0, duration=99.052s, table=20, n_packets=344, n_bytes=33320, hard_timeout=300, idle_age=14, hard_age=46, priority=1,vlan_tci=0x0001/0x0fff,dl_dst=fa:16:3e:50:a3:46 actions=load:0->NXM_OF_VLAN_TCI[],load:0xb->NXM_NX_TUN_ID[],output:2
2015-10-29 10:54:00.809 ovs-fdb DEBUG port  VLAN  MAC                Age
2015-10-29 10:54:00.818 ovs-fdb DEBUG 62     1  fa:16:3e:50:a3:46    0
2015-10-29 10:54:00.823 ovs-fdb DEBUG 4     1  fa:16:3e:c5:24:11    0
2015-10-29 10:54:00.840 ovs-fdb DEBUG cookie=0x0, duration=100.097s, table=20, n_packets=344, n_bytes=33320, hard_timeout=300, idle_age=15, hard_age=47, priority=1,vlan_tci=0x0001/0x0fff,dl_dst=fa:16:3e:50:a3:46 actions=load:0->NXM_OF_VLAN_TCI[],load:0xb->NXM_NX_TUN_ID[],output:2
2015-10-29 10:54:01.877 ovs-fdb DEBUG port  VLAN  MAC                Age
2015-10-29 10:54:01.888 ovs-fdb DEBUG 62     1  fa:16:3e:50:a3:46    0
2015-10-29 10:54:01.900 ovs-fdb DEBUG 4     1  fa:16:3e:c5:24:11    0
2015-10-29 10:54:01.912 ovs-fdb DEBUG cookie=0x0, duration=101.162s, table=20, n_packets=344, n_bytes=33320, hard_timeout=300, idle_age=16, hard_age=49, priority=1,vlan_tci=0x0001/0x0fff,dl_dst=fa:16:3e:50:a3:46 actions=load:0->NXM_OF_VLAN_TCI[],load:0xb->NXM_NX_TUN_ID[],output:2
2015-10-29 10:54:02.941 ovs-fdb DEBUG port  VLAN  MAC                Age
2015-10-29 10:54:02.946 ovs-fdb DEBUG 62     1  fa:16:3e:50:a3:46    0
2015-10-29 10:54:02.957 ovs-fdb DEBUG 4     1  fa:16:3e:c5:24:11    0
2015-10-29 10:54:02.995 ovs-fdb DEBUG cookie=0x0, duration=102.243s, table=20, n_packets=344, n_bytes=33320, hard_timeout=300, idle_age=17, hard_age=50, priority=1,vlan_tci=0x0001/0x0fff,dl_dst=fa:16:3e:50:a3:46 actions=load:0->NXM_OF_VLAN_TCI[],load:0xb->NXM_NX_TUN_ID[],output:2
2015-10-29 10:54:04.010 ovs-fdb DEBUG port  VLAN  MAC                Age
2015-10-29 10:54:04.019 ovs-fdb DEBUG 62     1  fa:16:3e:50:a3:46    0
2015-10-29 10:54:04.027 ovs-fdb DEBUG 4     1  fa:16:3e:c5:24:11    0
2015-10-29 10:54:04.042 ovs-fdb DEBUG cookie=0x0, duration=103.299s, table=20, n_packets=344, n_bytes=33320, hard_timeout=300, idle_age=18, hard_age=51, priority=1,vlan_tci=0x0001/0x0fff,dl_dst=fa:16:3e:50:a3:46 actions=load:0->NXM_OF_VLAN_TCI[],load:0xb->NXM_NX_TUN_ID[],output:2
2015-10-29 10:54:05.091 ovs-fdb DEBUG port  VLAN  MAC                Age
2015-10-29 10:54:05.112 ovs-fdb DEBUG 62     1  fa:16:3e:50:a3:46    0
2015-10-29 10:54:05.119 ovs-fdb DEBUG 4     1  fa:16:3e:c5:24:11    0
2015-10-29 10:54:05.147 ovs-fdb DEBUG cookie=0x0, duration=104.371s, table=20, n_packets=344, n_bytes=33320, hard_timeout=300, idle_age=19, hard_age=52, priority=1,vlan_tci=0x0001/0x0fff,dl_dst=fa:16:3e:50:a3:46 actions=load:0->NXM_OF_VLAN_TCI[],load:0xb->NXM_NX_TUN_ID[],output:2
2015-10-29 10:54:06.155 ovs-fdb DEBUG port  VLAN  MAC                Age
2015-10-29 10:54:06.176 ovs-fdb DEBUG 62     1  fa:16:3e:50:a3:46    0
2015-10-29 10:54:06.188 ovs-fdb DEBUG 4     1  fa:16:3e:c5:24:11    0
2015-10-29 10:54:06.220 ovs-fdb DEBUG cookie=0x0, duration=105.464s, table=20, n_packets=344, n_bytes=33320, hard_timeout=300, idle_age=20, hard_age=53, priority=1,vlan_tci=0x0001/0x0fff,dl_dst=fa:16:3e:50:a3:46 actions=load:0->NXM_OF_VLAN_TCI[],load:0xb->NXM_NX_TUN_ID[],output:2
2015-10-29 10:54:07.258 ovs-fdb DEBUG port  VLAN  MAC                Age
2015-10-29 10:54:07.274 ovs-fdb DEBUG 62     1  fa:16:3e:50:a3:46    0
2015-10-29 10:54:07.283 ovs-fdb DEBUG 4     1  fa:16:3e:c5:24:11    0
2015-10-29 10:54:07.293 ovs-fdb DEBUG cookie=0x0, duration=106.534s, table=20, n_packets=344, n_bytes=33320, hard_timeout=300, idle_age=22, hard_age=54, priority=1,vlan_tci=0x0001/0x0fff,dl_dst=fa:16:3e:50:a3:46 actions=load:0->NXM_OF_VLAN_TCI[],load:0xb->NXM_NX_TUN_ID[],output:2
2015-10-29 10:54:08.297 ovs-fdb DEBUG port  VLAN  MAC                Age
2015-10-29 10:54:08.305 ovs-fdb DEBUG 62     1  fa:16:3e:50:a3:46    0
2015-10-29 10:54:08.313 ovs-fdb DEBUG 4     1  fa:16:3e:c5:24:11    0
2015-10-29 10:54:08.322 ovs-fdb DEBUG cookie=0x0, duration=107.582s, table=20, n_packets=344, n_bytes=33320, hard_timeout=300, idle_age=23, hard_age=55, priority=1,vlan_tci=0x0001/0x0fff,dl_dst=fa:16:3e:50:a3:46 actions=load:0->NXM_OF_VLAN_TCI[],load:0xb->NXM_NX_TUN_ID[],output:2
2015-10-29 10:54:09.339 ovs-fdb DEBUG port  VLAN  MAC                Age
2015-10-29 10:54:09.353 ovs-fdb DEBUG 62     1  fa:16:3e:50:a3:46    0
2015-10-29 10:54:09.359 ovs-fdb DEBUG 4     1  fa:16:3e:c5:24:11    0
2015-10-29 10:54:09.375 ovs-fdb DEBUG cookie=0x0, duration=108.618s, table=20, n_packets=344, n_bytes=33320, hard_timeout=300, idle_age=24, hard_age=56, priority=1,vlan_tci=0x0001/0x0fff,dl_dst=fa:16:3e:50:a3:46 actions=load:0->NXM_OF_VLAN_TCI[],load:0xb->NXM_NX_TUN_ID[],output:2
2015-10-29 10:54:10.377 ovs-fdb DEBUG port  VLAN  MAC                Age
2015-10-29 10:54:10.387 ovs-fdb DEBUG 62     1  fa:16:3e:50:a3:46    0
2015-10-29 10:54:10.394 ovs-fdb DEBUG 4     1  fa:16:3e:c5:24:11    0
2015-10-29 10:54:10.402 ovs-fdb DEBUG cookie=0x0, duration=109.659s, table=20, n_packets=344, n_bytes=33320, hard_timeout=300, idle_age=25, hard_age=57, priority=1,vlan_tci=0x0001/0x0fff,dl_dst=fa:16:3e:50:a3:46 actions=load:0->NXM_OF_VLAN_TCI[],load:0xb->NXM_NX_TUN_ID[],output:2
2015-10-29 10:54:11.421 ovs-fdb DEBUG port  VLAN  MAC                Age
2015-10-29 10:54:11.425 ovs-fdb DEBUG 62     1  fa:16:3e:50:a3:46    1
2015-10-29 10:54:11.432 ovs-fdb DEBUG 4     1  fa:16:3e:c5:24:11    1
2015-10-29 10:54:11.469 ovs-fdb DEBUG cookie=0x0, duration=110.718s, table=20, n_packets=344, n_bytes=33320, hard_timeout=300, idle_age=26, hard_age=58, priority=1,vlan_tci=0x0001/0x0fff,dl_dst=fa:16:3e:50:a3:46 actions=load:0->NXM_OF_VLAN_TCI[],load:0xb->NXM_NX_TUN_ID[],output:2
2015-10-29 10:54:12.486 ovs-fdb DEBUG port  VLAN  MAC                Age
2015-10-29 10:54:12.491 ovs-fdb DEBUG 62     1  fa:16:3e:50:a3:46    1
2015-10-29 10:54:12.497 ovs-fdb DEBUG 4     1  fa:16:3e:c5:24:11    1
2015-10-29 10:54:12.502 ovs-fdb DEBUG cookie=0x0, duration=111.760s, table=20, n_packets=344, n_bytes=33320, hard_timeout=300, idle_age=27, hard_age=59, priority=1,vlan_tci=0x0001/0x0fff,dl_dst=fa:16:3e:50:a3:46 actions=load:0->NXM_OF_VLAN_TCI[],load:0xb->NXM_NX_TUN_ID[],output:2
2015-10-29 10:54:13.530 ovs-fdb DEBUG port  VLAN  MAC                Age
2015-10-29 10:54:13.539 ovs-fdb DEBUG 62     1  fa:16:3e:50:a3:46    1
2015-10-29 10:54:13.544 ovs-fdb DEBUG 4     1  fa:16:3e:c5:24:11    1
2015-10-29 10:54:13.549 ovs-fdb DEBUG cookie=0x0, duration=112.802s, table=20, n_packets=344, n_bytes=33320, hard_timeout=300, idle_age=28, hard_age=60, priority=1,vlan_tci=0x0001/0x0fff,dl_dst=fa:16:3e:50:a3:46 actions=load:0->NXM_OF_VLAN_TCI[],load:0xb->NXM_NX_TUN_ID[],output:2
2015-10-29 10:54:14.555 ovs-fdb DEBUG port  VLAN  MAC                Age
2015-10-29 10:54:14.562 ovs-fdb DEBUG 62     1  fa:16:3e:50:a3:46    1
2015-10-29 10:54:14.567 ovs-fdb DEBUG 4     1  fa:16:3e:c5:24:11    1
2015-10-29 10:54:14.577 ovs-fdb DEBUG cookie=0x0, duration=113.836s, table=20, n_packets=344, n_bytes=33320, hard_timeout=300, idle_age=29, hard_age=61, priority=1,vlan_tci=0x0001/0x0fff,dl_dst=fa:16:3e:50:a3:46 actions=load:0->NXM_OF_VLAN_TCI[],load:0xb->NXM_NX_TUN_ID[],output:2
2015-10-29 10:54:15.592 ovs-fdb DEBUG port  VLAN  MAC                Age
2015-10-29 10:54:15.596 ovs-fdb DEBUG 62     1  fa:16:3e:50:a3:46    1
2015-10-29 10:54:15.600 ovs-fdb DEBUG 4     1  fa:16:3e:c5:24:11    1
2015-10-29 10:54:15.619 ovs-fdb DEBUG cookie=0x0, duration=114.880s, table=20, n_packets=344, n_bytes=33320, hard_timeout=300, idle_age=30, hard_age=62, priority=1,vlan_tci=0x0001/0x0fff,dl_dst=fa:16:3e:50:a3:46 actions=load:0->NXM_OF_VLAN_TCI[],load:0xb->NXM_NX_TUN_ID[],output:2
2015-10-29 10:54:16.635 ovs-fdb DEBUG port  VLAN  MAC                Age
2015-10-29 10:54:16.640 ovs-fdb DEBUG 62     1  fa:16:3e:50:a3:46    1
2015-10-29 10:54:16.649 ovs-fdb DEBUG 4     1  fa:16:3e:c5:24:11    1
2015-10-29 10:54:16.657 ovs-fdb DEBUG cookie=0x0, duration=115.912s, table=20, n_packets=344, n_bytes=33320, hard_timeout=300, idle_age=31, hard_age=63, priority=1,vlan_tci=0x0001/0x0fff,dl_dst=fa:16:3e:50:a3:46 actions=load:0->NXM_OF_VLAN_TCI[],load:0xb->NXM_NX_TUN_ID[],output:2
2015-10-29 10:54:17.678 ovs-fdb DEBUG port  VLAN  MAC                Age
2015-10-29 10:54:17.687 ovs-fdb DEBUG 62     1  fa:16:3e:50:a3:46    1
2015-10-29 10:54:17.692 ovs-fdb DEBUG 4     1  fa:16:3e:c5:24:11    1
2015-10-29 10:54:17.697 ovs-fdb DEBUG cookie=0x0, duration=116.955s, table=20, n_packets=344, n_bytes=33320, hard_timeout=300, idle_age=32, hard_age=64, priority=1,vlan_tci=0x0001/0x0fff,dl_dst=fa:16:3e:50:a3:46 actions=load:0->NXM_OF_VLAN_TCI[],load:0xb->NXM_NX_TUN_ID[],output:2
2015-10-29 10:54:18.712 ovs-fdb DEBUG port  VLAN  MAC                Age
2015-10-29 10:54:18.716 ovs-fdb DEBUG 62     1  fa:16:3e:50:a3:46    1
2015-10-29 10:54:18.721 ovs-fdb DEBUG 4     1  fa:16:3e:c5:24:11    1
2015-10-29 10:54:18.726 ovs-fdb DEBUG cookie=0x0, duration=117.986s, table=20, n_packets=344, n_bytes=33320, hard_timeout=300, idle_age=33, hard_age=65, priority=1,vlan_tci=0x0001/0x0fff,dl_dst=fa:16:3e:50:a3:46 actions=load:0->NXM_OF_VLAN_TCI[],load:0xb->NXM_NX_TUN_ID[],output:2
2015-10-29 10:54:19.737 ovs-fdb DEBUG port  VLAN  MAC                Age
2015-10-29 10:54:19.744 ovs-fdb DEBUG 62     1  fa:16:3e:50:a3:46    1
2015-10-29 10:54:19.748 ovs-fdb DEBUG 4     1  fa:16:3e:c5:24:11    1
2015-10-29 10:54:19.753 ovs-fdb DEBUG cookie=0x0, duration=119.014s, table=20, n_packets=344, n_bytes=33320, hard_timeout=300, idle_age=34, hard_age=66, priority=1,vlan_tci=0x0001/0x0fff,dl_dst=fa:16:3e:50:a3:46 actions=load:0->NXM_OF_VLAN_TCI[],load:0xb->NXM_NX_TUN_ID[],output:2
2015-10-29 10:54:20.766 ovs-fdb DEBUG port  VLAN  MAC                Age
2015-10-29 10:54:20.770 ovs-fdb DEBUG 62     1  fa:16:3e:50:a3:46    1
2015-10-29 10:54:20.774 ovs-fdb DEBUG 4     1  fa:16:3e:c5:24:11    1
2015-10-29 10:54:20.781 ovs-fdb DEBUG cookie=0x0, duration=120.043s, table=20, n_packets=344, n_bytes=33320, hard_timeout=300, idle_age=35, hard_age=67, priority=1,vlan_tci=0x0001/0x0fff,dl_dst=fa:16:3e:50:a3:46 actions=load:0->NXM_OF_VLAN_TCI[],load:0xb->NXM_NX_TUN_ID[],output:2
2015-10-29 10:54:21.805 ovs-fdb DEBUG port  VLAN  MAC                Age
2015-10-29 10:54:21.814 ovs-fdb DEBUG 62     1  fa:16:3e:50:a3:46    1
2015-10-29 10:54:21.827 ovs-fdb DEBUG 4     1  fa:16:3e:c5:24:11    1
2015-10-29 10:54:21.840 ovs-fdb DEBUG cookie=0x0, duration=121.098s, table=20, n_packets=344, n_bytes=33320, hard_timeout=300, idle_age=36, hard_age=68, priority=1,vlan_tci=0x0001/0x0fff,dl_dst=fa:16:3e:50:a3:46 actions=load:0->NXM_OF_VLAN_TCI[],load:0xb->NXM_NX_TUN_ID[],output:2
2015-10-29 10:54:22.862 ovs-fdb DEBUG port  VLAN  MAC                Age
2015-10-29 10:54:22.866 ovs-fdb DEBUG 62     1  fa:16:3e:50:a3:46    0
2015-10-29 10:54:22.871 ovs-fdb DEBUG 4     1  fa:16:3e:c5:24:11    0
2015-10-29 10:54:22.877 ovs-fdb DEBUG cookie=0x0, duration=122.136s, table=20, n_packets=344, n_bytes=33320, hard_timeout=300, idle_age=37, hard_age=70, priority=1,vlan_tci=0x0001/0x0fff,dl_dst=fa:16:3e:50:a3:46 actions=load:0->NXM_OF_VLAN_TCI[],load:0xb->NXM_NX_TUN_ID[],output:2
2015-10-29 10:54:23.902 ovs-fdb DEBUG port  VLAN  MAC                Age
2015-10-29 10:54:23.911 ovs-fdb DEBUG 62     1  fa:16:3e:50:a3:46    0
2015-10-29 10:54:23.922 ovs-fdb DEBUG 4     1  fa:16:3e:c5:24:11    0
2015-10-29 10:54:23.952 ovs-fdb DEBUG cookie=0x0, duration=123.201s, table=20, n_packets=344, n_bytes=33320, hard_timeout=300, idle_age=38, hard_age=71, priority=1,vlan_tci=0x0001/0x0fff,dl_dst=fa:16:3e:50:a3:46 actions=load:0->NXM_OF_VLAN_TCI[],load:0xb->NXM_NX_TUN_ID[],output:2
2015-10-29 10:54:24.985 ovs-fdb DEBUG port  VLAN  MAC                Age
2015-10-29 10:54:24.996 ovs-fdb DEBUG 62     1  fa:16:3e:50:a3:46    0
2015-10-29 10:54:25.006 ovs-fdb DEBUG 4     1  fa:16:3e:c5:24:11    0
2015-10-29 10:54:25.031 ovs-fdb DEBUG cookie=0x0, duration=124.286s, table=20, n_packets=344, n_bytes=33320, hard_timeout=300, idle_age=39, hard_age=72, priority=1,vlan_tci=0x0001/0x0fff,dl_dst=fa:16:3e:50:a3:46 actions=load:0->NXM_OF_VLAN_TCI[],load:0xb->NXM_NX_TUN_ID[],output:2
2015-10-29 10:54:26.067 ovs-fdb DEBUG port  VLAN  MAC                Age
2015-10-29 10:54:26.075 ovs-fdb DEBUG 62     1  fa:16:3e:50:a3:46    0
2015-10-29 10:54:26.082 ovs-fdb DEBUG 4     1  fa:16:3e:c5:24:11    0
2015-10-29 10:54:26.102 ovs-fdb DEBUG cookie=0x0, duration=125.353s, table=20, n_packets=344, n_bytes=33320, hard_timeout=300, idle_age=40, hard_age=73, priority=1,vlan_tci=0x0001/0x0fff,dl_dst=fa:16:3e:50:a3:46 actions=load:0->NXM_OF_VLAN_TCI[],load:0xb->NXM_NX_TUN_ID[],output:2
2015-10-29 10:54:27.129 ovs-fdb DEBUG port  VLAN  MAC                Age
2015-10-29 10:54:27.136 ovs-fdb DEBUG 62     1  fa:16:3e:50:a3:46    0
2015-10-29 10:54:27.149 ovs-fdb DEBUG 4     1  fa:16:3e:c5:24:11    0
2015-10-29 10:54:27.179 ovs-fdb DEBUG cookie=0x0, duration=126.427s, table=20, n_packets=344, n_bytes=33320, hard_timeout=300, idle_age=41, hard_age=74, priority=1,vlan_tci=0x0001/0x0fff,dl_dst=fa:16:3e:50:a3:46 actions=load:0->NXM_OF_VLAN_TCI[],load:0xb->NXM_NX_TUN_ID[],output:2
2015-10-29 10:54:28.217 ovs-fdb DEBUG port  VLAN  MAC                Age
2015-10-29 10:54:28.236 ovs-fdb DEBUG 62     1  fa:16:3e:50:a3:46    1
2015-10-29 10:54:28.248 ovs-fdb DEBUG 4     1  fa:16:3e:c5:24:11    0
2015-10-29 10:54:28.257 ovs-fdb DEBUG cookie=0x0, duration=127.510s, table=20, n_packets=344, n_bytes=33320, hard_timeout=300, idle_age=43, hard_age=75, priority=1,vlan_tci=0x0001/0x0fff,dl_dst=fa:16:3e:50:a3:46 actions=load:0->NXM_OF_VLAN_TCI[],load:0xb->NXM_NX_TUN_ID[],output:2
2015-10-29 10:54:29.283 ovs-fdb DEBUG port  VLAN  MAC                Age
2015-10-29 10:54:29.299 ovs-fdb DEBUG 62     1  fa:16:3e:50:a3:46    2
2015-10-29 10:54:29.309 ovs-fdb DEBUG 4     1  fa:16:3e:c5:24:11    0
2015-10-29 10:54:29.323 ovs-fdb DEBUG cookie=0x0, duration=128.565s, table=20, n_packets=344, n_bytes=33320, hard_timeout=300, idle_age=44, hard_age=76, priority=1,vlan_tci=0x0001/0x0fff,dl_dst=fa:16:3e:50:a3:46 actions=load:0->NXM_OF_VLAN_TCI[],load:0xb->NXM_NX_TUN_ID[],output:2
2015-10-29 10:54:30.331 ovs-fdb DEBUG port  VLAN  MAC                Age
2015-10-29 10:54:30.348 ovs-fdb DEBUG 62     1  fa:16:3e:50:a3:46    3
2015-10-29 10:54:30.355 ovs-fdb DEBUG 4     1  fa:16:3e:c5:24:11    0
2015-10-29 10:54:30.360 ovs-fdb DEBUG cookie=0x0, duration=129.616s, table=20, n_packets=344, n_bytes=33320, hard_timeout=300, idle_age=45, hard_age=77, priority=1,vlan_tci=0x0001/0x0fff,dl_dst=fa:16:3e:50:a3:46 actions=load:0->NXM_OF_VLAN_TCI[],load:0xb->NXM_NX_TUN_ID[],output:2
2015-10-29 10:54:31.385 ovs-fdb DEBUG port  VLAN  MAC                Age
2015-10-29 10:54:31.396 ovs-fdb DEBUG 62     1  fa:16:3e:50:a3:46    4
2015-10-29 10:54:31.402 ovs-fdb DEBUG 4     1  fa:16:3e:c5:24:11    0
2015-10-29 10:54:31.408 ovs-fdb DEBUG 61     1  4e:2d:70:74:20:e6    0
2015-10-29 10:54:31.417 ovs-fdb DEBUG cookie=0x0, duration=130.655s, table=20, n_packets=344, n_bytes=33320, hard_timeout=300, idle_age=46, hard_age=78, priority=1,vlan_tci=0x0001/0x0fff,dl_dst=fa:16:3e:50:a3:46 actions=load:0->NXM_OF_VLAN_TCI[],load:0xb->NXM_NX_TUN_ID[],output:2
2015-10-29 10:54:31.421 ovs-fdb DEBUG cookie=0x0, duration=0.828s, table=20, n_packets=0, n_bytes=0, hard_timeout=300, idle_age=0, priority=1,vlan_tci=0x0001/0x0fff,dl_dst=4e:2d:70:74:20:e6 actions=load:0->NXM_OF_VLAN_TCI[],load:0xb->NXM_NX_TUN_ID[],output:2
2015-10-29 10:54:32.418 ovs-fdb DEBUG port  VLAN  MAC                Age
2015-10-29 10:54:32.426 ovs-fdb DEBUG 62     1  fa:16:3e:50:a3:46    6
2015-10-29 10:54:32.441 ovs-fdb DEBUG 61     1  4e:2d:70:74:20:e6    2
2015-10-29 10:54:32.446 ovs-fdb DEBUG 4     1  fa:16:3e:c5:24:11    0
2015-10-29 10:54:32.452 ovs-fdb DEBUG cookie=0x0, duration=131.701s, table=20, n_packets=344, n_bytes=33320, hard_timeout=300, idle_age=47, hard_age=79, priority=1,vlan_tci=0x0001/0x0fff,dl_dst=fa:16:3e:50:a3:46 actions=load:0->NXM_OF_VLAN_TCI[],load:0xb->NXM_NX_TUN_ID[],output:2
2015-10-29 10:54:32.458 ovs-fdb DEBUG cookie=0x0, duration=1.874s, table=20, n_packets=0, n_bytes=0, hard_timeout=300, idle_age=1, priority=1,vlan_tci=0x0001/0x0fff,dl_dst=4e:2d:70:74:20:e6 actions=load:0->NXM_OF_VLAN_TCI[],load:0xb->NXM_NX_TUN_ID[],output:2
2015-10-29 10:54:33.464 ovs-fdb DEBUG port  VLAN  MAC                Age
2015-10-29 10:54:33.471 ovs-fdb DEBUG 62     1  fa:16:3e:50:a3:46    7
2015-10-29 10:54:33.481 ovs-fdb DEBUG 61     1  4e:2d:70:74:20:e6    3
2015-10-29 10:54:33.488 ovs-fdb DEBUG 4     1  fa:16:3e:c5:24:11    0
2015-10-29 10:54:33.494 ovs-fdb DEBUG cookie=0x0, duration=132.743s, table=20, n_packets=344, n_bytes=33320, hard_timeout=300, idle_age=48, hard_age=80, priority=1,vlan_tci=0x0001/0x0fff,dl_dst=fa:16:3e:50:a3:46 actions=load:0->NXM_OF_VLAN_TCI[],load:0xb->NXM_NX_TUN_ID[],output:2
2015-10-29 10:54:33.500 ovs-fdb DEBUG cookie=0x0, duration=2.916s, table=20, n_packets=0, n_bytes=0, hard_timeout=300, idle_age=2, priority=1,vlan_tci=0x0001/0x0fff,dl_dst=4e:2d:70:74:20:e6 actions=load:0->NXM_OF_VLAN_TCI[],load:0xb->NXM_NX_TUN_ID[],output:2
2015-10-29 10:54:34.525 ovs-fdb DEBUG port  VLAN  MAC                Age
2015-10-29 10:54:34.540 ovs-fdb DEBUG 61     1  4e:2d:70:74:20:e6    4
2015-10-29 10:54:34.545 ovs-fdb DEBUG 61     1  fa:16:3e:50:a3:46    0
2015-10-29 10:54:34.551 ovs-fdb DEBUG 4     1  fa:16:3e:c5:24:11    0
2015-10-29 10:54:34.557 ovs-fdb DEBUG cookie=0x0, duration=133.797s, table=20, n_packets=348, n_bytes=33712, hard_timeout=300, idle_age=0, hard_age=0, priority=1,vlan_tci=0x0001/0x0fff,dl_dst=fa:16:3e:50:a3:46 actions=load:0->NXM_OF_VLAN_TCI[],load:0xb->NXM_NX_TUN_ID[],output:2
2015-10-29 10:54:34.563 ovs-fdb DEBUG cookie=0x0, duration=3.970s, table=20, n_packets=0, n_bytes=0, hard_timeout=300, idle_age=3, priority=1,vlan_tci=0x0001/0x0fff,dl_dst=4e:2d:70:74:20:e6 actions=load:0->NXM_OF_VLAN_TCI[],load:0xb->NXM_NX_TUN_ID[],output:2
2015-10-29 10:54:35.576 ovs-fdb DEBUG port  VLAN  MAC                Age
2015-10-29 10:54:35.586 ovs-fdb DEBUG 61     1  4e:2d:70:74:20:e6    5
2015-10-29 10:54:35.593 ovs-fdb DEBUG 61     1  fa:16:3e:50:a3:46    0
2015-10-29 10:54:35.606 ovs-fdb DEBUG 4     1  fa:16:3e:c5:24:11    0
2015-10-29 10:54:35.613 ovs-fdb DEBUG cookie=0x0, duration=134.848s, table=20, n_packets=352, n_bytes=34104, hard_timeout=300, idle_age=0, hard_age=0, priority=1,vlan_tci=0x0001/0x0fff,dl_dst=fa:16:3e:50:a3:46 actions=load:0->NXM_OF_VLAN_TCI[],load:0xb->NXM_NX_TUN_ID[],output:2
2015-10-29 10:54:35.621 ovs-fdb DEBUG cookie=0x0, duration=5.021s, table=20, n_packets=0, n_bytes=0, hard_timeout=300, idle_age=5, priority=1,vlan_tci=0x0001/0x0fff,dl_dst=4e:2d:70:74:20:e6 actions=load:0->NXM_OF_VLAN_TCI[],load:0xb->NXM_NX_TUN_ID[],output:2
2015-10-29 10:54:36.622 ovs-fdb DEBUG port  VLAN  MAC                Age
2015-10-29 10:54:36.627 ovs-fdb DEBUG 61     1  4e:2d:70:74:20:e6    6
2015-10-29 10:54:36.637 ovs-fdb DEBUG 61     1  fa:16:3e:50:a3:46    0
2015-10-29 10:54:36.648 ovs-fdb DEBUG 4     1  fa:16:3e:c5:24:11    0
2015-10-29 10:54:36.653 ovs-fdb DEBUG cookie=0x0, duration=135.906s, table=20, n_packets=356, n_bytes=34496, hard_timeout=300, idle_age=0, hard_age=0, priority=1,vlan_tci=0x0001/0x0fff,dl_dst=fa:16:3e:50:a3:46 actions=load:0->NXM_OF_VLAN_TCI[],load:0xb->NXM_NX_TUN_ID[],output:2
2015-10-29 10:54:36.658 ovs-fdb DEBUG cookie=0x0, duration=6.079s, table=20, n_packets=0, n_bytes=0, hard_timeout=300, idle_age=6, priority=1,vlan_tci=0x0001/0x0fff,dl_dst=4e:2d:70:74:20:e6 actions=load:0->NXM_OF_VLAN_TCI[],load:0xb->NXM_NX_TUN_ID[],output:2
2015-10-29 10:54:37.670 ovs-fdb DEBUG port  VLAN  MAC                Age
2015-10-29 10:54:37.688 ovs-fdb DEBUG 61     1  4e:2d:70:74:20:e6    7
2015-10-29 10:54:37.700 ovs-fdb DEBUG 61     1  fa:16:3e:50:a3:46    0
2015-10-29 10:54:37.709 ovs-fdb DEBUG 4     1  fa:16:3e:c5:24:11    0
2015-10-29 10:54:37.724 ovs-fdb DEBUG cookie=0x0, duration=136.956s, table=20, n_packets=360, n_bytes=34888, hard_timeout=300, idle_age=0, hard_age=0, priority=1,vlan_tci=0x0001/0x0fff,dl_dst=fa:16:3e:50:a3:46 actions=load:0->NXM_OF_VLAN_TCI[],load:0xb->NXM_NX_TUN_ID[],output:2
2015-10-29 10:54:37.730 ovs-fdb DEBUG cookie=0x0, duration=7.129s, table=20, n_packets=0, n_bytes=0, hard_timeout=300, idle_age=7, priority=1,vlan_tci=0x0001/0x0fff,dl_dst=4e:2d:70:74:20:e6 actions=load:0->NXM_OF_VLAN_TCI[],load:0xb->NXM_NX_TUN_ID[],output:2
2015-10-29 10:54:38.744 ovs-fdb DEBUG port  VLAN  MAC                Age
2015-10-29 10:54:38.754 ovs-fdb DEBUG 61     1  4e:2d:70:74:20:e6    8
2015-10-29 10:54:38.766 ovs-fdb DEBUG 61     1  fa:16:3e:50:a3:46    0
2015-10-29 10:54:38.771 ovs-fdb DEBUG 4     1  fa:16:3e:c5:24:11    0
2015-10-29 10:54:38.795 ovs-fdb DEBUG cookie=0x0, duration=138.036s, table=20, n_packets=364, n_bytes=35280, hard_timeout=300, idle_age=0, hard_age=0, priority=1,vlan_tci=0x0001/0x0fff,dl_dst=fa:16:3e:50:a3:46 actions=load:0->NXM_OF_VLAN_TCI[],load:0xb->NXM_NX_TUN_ID[],output:2
2015-10-29 10:54:38.802 ovs-fdb DEBUG cookie=0x0, duration=8.209s, table=20, n_packets=0, n_bytes=0, hard_timeout=300, idle_age=8, priority=1,vlan_tci=0x0001/0x0fff,dl_dst=4e:2d:70:74:20:e6 actions=load:0->NXM_OF_VLAN_TCI[],load:0xb->NXM_NX_TUN_ID[],output:2
2015-10-29 10:54:39.819 ovs-fdb DEBUG port  VLAN  MAC                Age
2015-10-29 10:54:39.829 ovs-fdb DEBUG 61     1  4e:2d:70:74:20:e6    9
2015-10-29 10:54:39.834 ovs-fdb DEBUG 61     1  fa:16:3e:50:a3:46    0
2015-10-29 10:54:39.840 ovs-fdb DEBUG 4     1  fa:16:3e:c5:24:11    0
2015-10-29 10:54:39.858 ovs-fdb DEBUG cookie=0x0, duration=139.113s, table=20, n_packets=368, n_bytes=35672, hard_timeout=300, idle_age=0, hard_age=0, priority=1,vlan_tci=0x0001/0x0fff,dl_dst=fa:16:3e:50:a3:46 actions=load:0->NXM_OF_VLAN_TCI[],load:0xb->NXM_NX_TUN_ID[],output:2
2015-10-29 10:54:39.867 ovs-fdb DEBUG cookie=0x0, duration=9.286s, table=20, n_packets=0, n_bytes=0, hard_timeout=300, idle_age=9, priority=1,vlan_tci=0x0001/0x0fff,dl_dst=4e:2d:70:74:20:e6 actions=load:0->NXM_OF_VLAN_TCI[],load:0xb->NXM_NX_TUN_ID[],output:2
2015-10-29 10:54:40.888 ovs-fdb DEBUG port  VLAN  MAC                Age
2015-10-29 10:54:40.894 ovs-fdb DEBUG 61     1  4e:2d:70:74:20:e6   10
2015-10-29 10:54:40.902 ovs-fdb DEBUG 61     1  fa:16:3e:50:a3:46    0
2015-10-29 10:54:40.912 ovs-fdb DEBUG 4     1  fa:16:3e:c5:24:11    0
2015-10-29 10:54:40.918 ovs-fdb DEBUG cookie=0x0, duration=140.168s, table=20, n_packets=372, n_bytes=36064, hard_timeout=300, idle_age=0, hard_age=0, priority=1,vlan_tci=0x0001/0x0fff,dl_dst=fa:16:3e:50:a3:46 actions=load:0->NXM_OF_VLAN_TCI[],load:0xb->NXM_NX_TUN_ID[],output:2
2015-10-29 10:54:40.941 ovs-fdb DEBUG cookie=0x0, duration=10.341s, table=20, n_packets=0, n_bytes=0, hard_timeout=300, idle_age=10, priority=1,vlan_tci=0x0001/0x0fff,dl_dst=4e:2d:70:74:20:e6 actions=load:0->NXM_OF_VLAN_TCI[],load:0xb->NXM_NX_TUN_ID[],output:2
2015-10-29 10:54:41.939 ovs-fdb DEBUG port  VLAN  MAC                Age
2015-10-29 10:54:41.947 ovs-fdb DEBUG 61     1  4e:2d:70:74:20:e6   11
2015-10-29 10:54:41.953 ovs-fdb DEBUG 61     1  fa:16:3e:50:a3:46    0
2015-10-29 10:54:41.962 ovs-fdb DEBUG 4     1  fa:16:3e:c5:24:11    0
2015-10-29 10:54:41.974 ovs-fdb DEBUG cookie=0x0, duration=141.228s, table=20, n_packets=378, n_bytes=36652, hard_timeout=300, idle_age=0, hard_age=0, priority=1,vlan_tci=0x0001/0x0fff,dl_dst=fa:16:3e:50:a3:46 actions=load:0->NXM_OF_VLAN_TCI[],load:0xb->NXM_NX_TUN_ID[],output:2
2015-10-29 10:54:41.983 ovs-fdb DEBUG cookie=0x0, duration=11.401s, table=20, n_packets=0, n_bytes=0, hard_timeout=300, idle_age=11, priority=1,vlan_tci=0x0001/0x0fff,dl_dst=4e:2d:70:74:20:e6 actions=load:0->NXM_OF_VLAN_TCI[],load:0xb->NXM_NX_TUN_ID[],output:2
2015-10-29 10:54:42.998 ovs-fdb DEBUG port  VLAN  MAC                Age
2015-10-29 10:54:43.004 ovs-fdb DEBUG 61     1  4e:2d:70:74:20:e6   12
2015-10-29 10:54:43.008 ovs-fdb DEBUG 61     1  fa:16:3e:50:a3:46    0
2015-10-29 10:54:43.012 ovs-fdb DEBUG 4     1  fa:16:3e:c5:24:11    0
2015-10-29 10:54:43.017 ovs-fdb DEBUG cookie=0x0, duration=142.265s, table=20, n_packets=382, n_bytes=37044, hard_timeout=300, idle_age=0, hard_age=0, priority=1,vlan_tci=0x0001/0x0fff,dl_dst=fa:16:3e:50:a3:46 actions=load:0->NXM_OF_VLAN_TCI[],load:0xb->NXM_NX_TUN_ID[],output:2
2015-10-29 10:54:43.021 ovs-fdb DEBUG cookie=0x0, duration=12.438s, table=20, n_packets=0, n_bytes=0, hard_timeout=300, idle_age=12, priority=1,vlan_tci=0x0001/0x0fff,dl_dst=4e:2d:70:74:20:e6 actions=load:0->NXM_OF_VLAN_TCI[],load:0xb->NXM_NX_TUN_ID[],output:2
2015-10-29 10:54:44.025 ovs-fdb DEBUG port  VLAN  MAC                Age
2015-10-29 10:54:44.030 ovs-fdb DEBUG 61     1  4e:2d:70:74:20:e6   13
2015-10-29 10:54:44.035 ovs-fdb DEBUG 61     1  fa:16:3e:50:a3:46    0
2015-10-29 10:54:44.040 ovs-fdb DEBUG 4     1  fa:16:3e:c5:24:11    0
2015-10-29 10:54:44.045 ovs-fdb DEBUG cookie=0x0, duration=143.301s, table=20, n_packets=386, n_bytes=37436, hard_timeout=300, idle_age=0, hard_age=0, priority=1,vlan_tci=0x0001/0x0fff,dl_dst=fa:16:3e:50:a3:46 actions=load:0->NXM_OF_VLAN_TCI[],load:0xb->NXM_NX_TUN_ID[],output:2
2015-10-29 10:54:44.049 ovs-fdb DEBUG cookie=0x0, duration=13.474s, table=20, n_packets=0, n_bytes=0, hard_timeout=300, idle_age=13, priority=1,vlan_tci=0x0001/0x0fff,dl_dst=4e:2d:70:74:20:e6 actions=load:0->NXM_OF_VLAN_TCI[],load:0xb->NXM_NX_TUN_ID[],output:2
2015-10-29 10:54:45.054 ovs-fdb DEBUG port  VLAN  MAC                Age
2015-10-29 10:54:45.059 ovs-fdb DEBUG 61     1  4e:2d:70:74:20:e6   14
2015-10-29 10:54:45.063 ovs-fdb DEBUG 61     1  fa:16:3e:50:a3:46    0
2015-10-29 10:54:45.067 ovs-fdb DEBUG 4     1  fa:16:3e:c5:24:11    0
2015-10-29 10:54:45.072 ovs-fdb DEBUG cookie=0x0, duration=144.332s, table=20, n_packets=390, n_bytes=37828, hard_timeout=300, idle_age=0, hard_age=0, priority=1,vlan_tci=0x0001/0x0fff,dl_dst=fa:16:3e:50:a3:46 actions=load:0->NXM_OF_VLAN_TCI[],load:0xb->NXM_NX_TUN_ID[],output:2
2015-10-29 10:54:45.076 ovs-fdb DEBUG cookie=0x0, duration=14.505s, table=20, n_packets=0, n_bytes=0, hard_timeout=300, idle_age=14, priority=1,vlan_tci=0x0001/0x0fff,dl_dst=4e:2d:70:74:20:e6 actions=load:0->NXM_OF_VLAN_TCI[],load:0xb->NXM_NX_TUN_ID[],output:2
2015-10-29 10:54:46.093 ovs-fdb DEBUG port  VLAN  MAC                Age
2015-10-29 10:54:46.098 ovs-fdb DEBUG 61     1  4e:2d:70:74:20:e6   15
2015-10-29 10:54:46.103 ovs-fdb DEBUG 61     1  fa:16:3e:50:a3:46    0
2015-10-29 10:54:46.107 ovs-fdb DEBUG 4     1  fa:16:3e:c5:24:11    0
2015-10-29 10:54:46.112 ovs-fdb DEBUG cookie=0x0, duration=145.362s, table=20, n_packets=394, n_bytes=38220, hard_timeout=300, idle_age=0, hard_age=0, priority=1,vlan_tci=0x0001/0x0fff,dl_dst=fa:16:3e:50:a3:46 actions=load:0->NXM_OF_VLAN_TCI[],load:0xb->NXM_NX_TUN_ID[],output:2
2015-10-29 10:54:46.116 ovs-fdb DEBUG cookie=0x0, duration=15.535s, table=20, n_packets=0, n_bytes=0, hard_timeout=300, idle_age=15, priority=1,vlan_tci=0x0001/0x0fff,dl_dst=4e:2d:70:74:20:e6 actions=load:0->NXM_OF_VLAN_TCI[],load:0xb->NXM_NX_TUN_ID[],output:2
2015-10-29 10:54:47.114 ovs-fdb DEBUG port  VLAN  MAC                Age
2015-10-29 10:54:47.119 ovs-fdb DEBUG 61     1  4e:2d:70:74:20:e6   16
2015-10-29 10:54:47.124 ovs-fdb DEBUG 61     1  fa:16:3e:50:a3:46    0
2015-10-29 10:54:47.129 ovs-fdb DEBUG 4     1  fa:16:3e:c5:24:11    0
2015-10-29 10:54:47.139 ovs-fdb DEBUG cookie=0x0, duration=146.395s, table=20, n_packets=398, n_bytes=38612, hard_timeout=300, idle_age=0, hard_age=0, priority=1,vlan_tci=0x0001/0x0fff,dl_dst=fa:16:3e:50:a3:46 actions=load:0->NXM_OF_VLAN_TCI[],load:0xb->NXM_NX_TUN_ID[],output:2
2015-10-29 10:54:47.144 ovs-fdb DEBUG cookie=0x0, duration=16.568s, table=20, n_packets=0, n_bytes=0, hard_timeout=300, idle_age=16, priority=1,vlan_tci=0x0001/0x0fff,dl_dst=4e:2d:70:74:20:e6 actions=load:0->NXM_OF_VLAN_TCI[],load:0xb->NXM_NX_TUN_ID[],output:2
2015-10-29 10:54:48.149 ovs-fdb DEBUG port  VLAN  MAC                Age
2015-10-29 10:54:48.153 ovs-fdb DEBUG 61     1  4e:2d:70:74:20:e6   17
2015-10-29 10:54:48.158 ovs-fdb DEBUG 61     1  fa:16:3e:50:a3:46    0
2015-10-29 10:54:48.162 ovs-fdb DEBUG 4     1  fa:16:3e:c5:24:11    0
2015-10-29 10:54:48.166 ovs-fdb DEBUG cookie=0x0, duration=147.425s, table=20, n_packets=402, n_bytes=39004, hard_timeout=300, idle_age=0, hard_age=0, priority=1,vlan_tci=0x0001/0x0fff,dl_dst=fa:16:3e:50:a3:46 actions=load:0->NXM_OF_VLAN_TCI[],load:0xb->NXM_NX_TUN_ID[],output:2
2015-10-29 10:54:48.170 ovs-fdb DEBUG cookie=0x0, duration=17.598s, table=20, n_packets=0, n_bytes=0, hard_timeout=300, idle_age=17, priority=1,vlan_tci=0x0001/0x0fff,dl_dst=4e:2d:70:74:20:e6 actions=load:0->NXM_OF_VLAN_TCI[],load:0xb->NXM_NX_TUN_ID[],output:2
2015-10-29 10:54:49.179 ovs-fdb DEBUG port  VLAN  MAC                Age
2015-10-29 10:54:49.183 ovs-fdb DEBUG 61     1  4e:2d:70:74:20:e6   18
2015-10-29 10:54:49.188 ovs-fdb DEBUG 61     1  fa:16:3e:50:a3:46    0
2015-10-29 10:54:49.192 ovs-fdb DEBUG 4     1  fa:16:3e:c5:24:11    0
2015-10-29 10:54:49.196 ovs-fdb DEBUG cookie=0x0, duration=148.455s, table=20, n_packets=406, n_bytes=39396, hard_timeout=300, idle_age=0, hard_age=0, priority=1,vlan_tci=0x0001/0x0fff,dl_dst=fa:16:3e:50:a3:46 actions=load:0->NXM_OF_VLAN_TCI[],load:0xb->NXM_NX_TUN_ID[],output:2
2015-10-29 10:54:49.203 ovs-fdb DEBUG cookie=0x0, duration=18.628s, table=20, n_packets=0, n_bytes=0, hard_timeout=300, idle_age=18, priority=1,vlan_tci=0x0001/0x0fff,dl_dst=4e:2d:70:74:20:e6 actions=load:0->NXM_OF_VLAN_TCI[],load:0xb->NXM_NX_TUN_ID[],output:2
2015-10-29 10:54:50.206 ovs-fdb DEBUG port  VLAN  MAC                Age
2015-10-29 10:54:50.212 ovs-fdb DEBUG 61     1  4e:2d:70:74:20:e6   19
2015-10-29 10:54:50.216 ovs-fdb DEBUG 61     1  fa:16:3e:50:a3:46    0
2015-10-29 10:54:50.221 ovs-fdb DEBUG 4     1  fa:16:3e:c5:24:11    0
2015-10-29 10:54:50.225 ovs-fdb DEBUG cookie=0x0, duration=149.483s, table=20, n_packets=410, n_bytes=39788, hard_timeout=300, idle_age=0, hard_age=0, priority=1,vlan_tci=0x0001/0x0fff,dl_dst=fa:16:3e:50:a3:46 actions=load:0->NXM_OF_VLAN_TCI[],load:0xb->NXM_NX_TUN_ID[],output:2
2015-10-29 10:54:50.229 ovs-fdb DEBUG cookie=0x0, duration=19.656s, table=20, n_packets=0, n_bytes=0, hard_timeout=300, idle_age=19, priority=1,vlan_tci=0x0001/0x0fff,dl_dst=4e:2d:70:74:20:e6 actions=load:0->NXM_OF_VLAN_TCI[],load:0xb->NXM_NX_TUN_ID[],output:2
2015-10-29 10:54:51.235 ovs-fdb DEBUG port  VLAN  MAC                Age
2015-10-29 10:54:51.239 ovs-fdb DEBUG 61     1  4e:2d:70:74:20:e6   20
2015-10-29 10:54:51.244 ovs-fdb DEBUG 61     1  fa:16:3e:50:a3:46    0
2015-10-29 10:54:51.248 ovs-fdb DEBUG 4     1  fa:16:3e:c5:24:11    0
2015-10-29 10:54:51.252 ovs-fdb DEBUG cookie=0x0, duration=150.511s, table=20, n_packets=415, n_bytes=40222, hard_timeout=300, idle_age=0, hard_age=0, priority=1,vlan_tci=0x0001/0x0fff,dl_dst=fa:16:3e:50:a3:46 actions=load:0->NXM_OF_VLAN_TCI[],load:0xb->NXM_NX_TUN_ID[],output:2
2015-10-29 10:54:51.257 ovs-fdb DEBUG cookie=0x0, duration=20.684s, table=20, n_packets=0, n_bytes=0, hard_timeout=300, idle_age=20, priority=1,vlan_tci=0x0001/0x0fff,dl_dst=4e:2d:70:74:20:e6 actions=load:0->NXM_OF_VLAN_TCI[],load:0xb->NXM_NX_TUN_ID[],output:2
2015-10-29 10:54:52.262 ovs-fdb DEBUG port  VLAN  MAC                Age
2015-10-29 10:54:52.266 ovs-fdb DEBUG 61     1  4e:2d:70:74:20:e6   21
2015-10-29 10:54:52.270 ovs-fdb DEBUG 61     1  fa:16:3e:50:a3:46    0
2015-10-29 10:54:52.275 ovs-fdb DEBUG 4     1  fa:16:3e:c5:24:11    0
2015-10-29 10:54:52.280 ovs-fdb DEBUG cookie=0x0, duration=151.542s, table=20, n_packets=419, n_bytes=40614, hard_timeout=300, idle_age=0, hard_age=0, priority=1,vlan_tci=0x0001/0x0fff,dl_dst=fa:16:3e:50:a3:46 actions=load:0->NXM_OF_VLAN_TCI[],load:0xb->NXM_NX_TUN_ID[],output:2
2015-10-29 10:54:52.285 ovs-fdb DEBUG cookie=0x0, duration=21.715s, table=20, n_packets=0, n_bytes=0, hard_timeout=300, idle_age=21, priority=1,vlan_tci=0x0001/0x0fff,dl_dst=4e:2d:70:74:20:e6 actions=load:0->NXM_OF_VLAN_TCI[],load:0xb->NXM_NX_TUN_ID[],output:2
2015-10-29 10:54:53.294 ovs-fdb DEBUG port  VLAN  MAC                Age
2015-10-29 10:54:53.299 ovs-fdb DEBUG 61     1  4e:2d:70:74:20:e6   22
2015-10-29 10:54:53.303 ovs-fdb DEBUG 61     1  fa:16:3e:50:a3:46    0
2015-10-29 10:54:53.307 ovs-fdb DEBUG 4     1  fa:16:3e:c5:24:11    0
2015-10-29 10:54:53.312 ovs-fdb DEBUG cookie=0x0, duration=152.568s, table=20, n_packets=423, n_bytes=41006, hard_timeout=300, idle_age=0, hard_age=0, priority=1,vlan_tci=0x0001/0x0fff,dl_dst=fa:16:3e:50:a3:46 actions=load:0->NXM_OF_VLAN_TCI[],load:0xb->NXM_NX_TUN_ID[],output:2
2015-10-29 10:54:53.317 ovs-fdb DEBUG cookie=0x0, duration=22.741s, table=20, n_packets=0, n_bytes=0, hard_timeout=300, idle_age=22, priority=1,vlan_tci=0x0001/0x0fff,dl_dst=4e:2d:70:74:20:e6 actions=load:0->NXM_OF_VLAN_TCI[],load:0xb->NXM_NX_TUN_ID[],output:2
2015-10-29 10:54:54.322 ovs-fdb DEBUG port  VLAN  MAC                Age
2015-10-29 10:54:54.327 ovs-fdb DEBUG 61     1  4e:2d:70:74:20:e6   23
2015-10-29 10:54:54.332 ovs-fdb DEBUG 61     1  fa:16:3e:50:a3:46    0
2015-10-29 10:54:54.337 ovs-fdb DEBUG 4     1  fa:16:3e:c5:24:11    0
2015-10-29 10:54:54.344 ovs-fdb DEBUG cookie=0x0, duration=153.603s, table=20, n_packets=427, n_bytes=41398, hard_timeout=300, idle_age=0, hard_age=0, priority=1,vlan_tci=0x0001/0x0fff,dl_dst=fa:16:3e:50:a3:46 actions=load:0->NXM_OF_VLAN_TCI[],load:0xb->NXM_NX_TUN_ID[],output:2
2015-10-29 10:54:54.348 ovs-fdb DEBUG cookie=0x0, duration=23.776s, table=20, n_packets=0, n_bytes=0, hard_timeout=300, idle_age=23, priority=1,vlan_tci=0x0001/0x0fff,dl_dst=4e:2d:70:74:20:e6 actions=load:0->NXM_OF_VLAN_TCI[],load:0xb->NXM_NX_TUN_ID[],output:2
2015-10-29 10:54:55.358 ovs-fdb DEBUG port  VLAN  MAC                Age
2015-10-29 10:54:55.363 ovs-fdb DEBUG 61     1  4e:2d:70:74:20:e6   24
2015-10-29 10:54:55.367 ovs-fdb DEBUG 61     1  fa:16:3e:50:a3:46    0
2015-10-29 10:54:55.381 ovs-fdb DEBUG 4     1  fa:16:3e:c5:24:11    0
2015-10-29 10:54:55.386 ovs-fdb DEBUG cookie=0x0, duration=154.631s, table=20, n_packets=431, n_bytes=41790, hard_timeout=300, idle_age=0, hard_age=0, priority=1,vlan_tci=0x0001/0x0fff,dl_dst=fa:16:3e:50:a3:46 actions=load:0->NXM_OF_VLAN_TCI[],load:0xb->NXM_NX_TUN_ID[],output:2
2015-10-29 10:54:55.392 ovs-fdb DEBUG cookie=0x0, duration=24.804s, table=20, n_packets=0, n_bytes=0, hard_timeout=300, idle_age=24, priority=1,vlan_tci=0x0001/0x0fff,dl_dst=4e:2d:70:74:20:e6 actions=load:0->NXM_OF_VLAN_TCI[],load:0xb->NXM_NX_TUN_ID[],output:2
2015-10-29 10:54:56.390 ovs-fdb DEBUG port  VLAN  MAC                Age
2015-10-29 10:54:56.394 ovs-fdb DEBUG 61     1  4e:2d:70:74:20:e6   25
2015-10-29 10:54:56.400 ovs-fdb DEBUG 61     1  fa:16:3e:50:a3:46    0
2015-10-29 10:54:56.407 ovs-fdb DEBUG 4     1  fa:16:3e:c5:24:11    0
2015-10-29 10:54:56.413 ovs-fdb DEBUG cookie=0x0, duration=155.666s, table=20, n_packets=435, n_bytes=42182, hard_timeout=300, idle_age=0, hard_age=0, priority=1,vlan_tci=0x0001/0x0fff,dl_dst=fa:16:3e:50:a3:46 actions=load:0->NXM_OF_VLAN_TCI[],load:0xb->NXM_NX_TUN_ID[],output:2
2015-10-29 10:54:56.417 ovs-fdb DEBUG cookie=0x0, duration=25.839s, table=20, n_packets=0, n_bytes=0, hard_timeout=300, idle_age=25, priority=1,vlan_tci=0x0001/0x0fff,dl_dst=4e:2d:70:74:20:e6 actions=load:0->NXM_OF_VLAN_TCI[],load:0xb->NXM_NX_TUN_ID[],output:2
2015-10-29 10:54:57.425 ovs-fdb DEBUG port  VLAN  MAC                Age
2015-10-29 10:54:57.432 ovs-fdb DEBUG 61     1  4e:2d:70:74:20:e6   27
2015-10-29 10:54:57.437 ovs-fdb DEBUG 61     1  fa:16:3e:50:a3:46    1
2015-10-29 10:54:57.442 ovs-fdb DEBUG 4     1  fa:16:3e:c5:24:11    1
2015-10-29 10:54:57.447 ovs-fdb DEBUG cookie=0x0, duration=156.706s, table=20, n_packets=439, n_bytes=42574, hard_timeout=300, idle_age=0, hard_age=0, priority=1,vlan_tci=0x0001/0x0fff,dl_dst=fa:16:3e:50:a3:46 actions=load:0->NXM_OF_VLAN_TCI[],load:0xb->NXM_NX_TUN_ID[],output:2
2015-10-29 10:54:57.451 ovs-fdb DEBUG cookie=0x0, duration=26.879s, table=20, n_packets=0, n_bytes=0, hard_timeout=300, idle_age=26, priority=1,vlan_tci=0x0001/0x0fff,dl_dst=4e:2d:70:74:20:e6 actions=load:0->NXM_OF_VLAN_TCI[],load:0xb->NXM_NX_TUN_ID[],output:2
2015-10-29 10:54:58.463 ovs-fdb DEBUG port  VLAN  MAC                Age
2015-10-29 10:54:58.467 ovs-fdb DEBUG 61     1  4e:2d:70:74:20:e6   28
2015-10-29 10:54:58.471 ovs-fdb DEBUG 61     1  fa:16:3e:50:a3:46    1
2015-10-29 10:54:58.475 ovs-fdb DEBUG 4     1  fa:16:3e:c5:24:11    1
2015-10-29 10:54:58.480 ovs-fdb DEBUG cookie=0x0, duration=157.741s, table=20, n_packets=443, n_bytes=42966, hard_timeout=300, idle_age=0, hard_age=0, priority=1,vlan_tci=0x0001/0x0fff,dl_dst=fa:16:3e:50:a3:46 actions=load:0->NXM_OF_VLAN_TCI[],load:0xb->NXM_NX_TUN_ID[],output:2
2015-10-29 10:54:58.484 ovs-fdb DEBUG cookie=0x0, duration=27.914s, table=20, n_packets=0, n_bytes=0, hard_timeout=300, idle_age=27, priority=1,vlan_tci=0x0001/0x0fff,dl_dst=4e:2d:70:74:20:e6 actions=load:0->NXM_OF_VLAN_TCI[],load:0xb->NXM_NX_TUN_ID[],output:2
2015-10-29 10:54:59.496 ovs-fdb DEBUG port  VLAN  MAC                Age
2015-10-29 10:54:59.502 ovs-fdb DEBUG 61     1  4e:2d:70:74:20:e6   29
2015-10-29 10:54:59.507 ovs-fdb DEBUG 61     1  fa:16:3e:50:a3:46    1
2015-10-29 10:54:59.512 ovs-fdb DEBUG 4     1  fa:16:3e:c5:24:11    1
2015-10-29 10:54:59.521 ovs-fdb DEBUG cookie=0x0, duration=158.777s, table=20, n_packets=449, n_bytes=43554, hard_timeout=300, idle_age=0, hard_age=0, priority=1,vlan_tci=0x0001/0x0fff,dl_dst=fa:16:3e:50:a3:46 actions=load:0->NXM_OF_VLAN_TCI[],load:0xb->NXM_NX_TUN_ID[],output:2
2015-10-29 10:54:59.525 ovs-fdb DEBUG cookie=0x0, duration=28.950s, table=20, n_packets=0, n_bytes=0, hard_timeout=300, idle_age=28, priority=1,vlan_tci=0x0001/0x0fff,dl_dst=4e:2d:70:74:20:e6 actions=load:0->NXM_OF_VLAN_TCI[],load:0xb->NXM_NX_TUN_ID[],output:2
2015-10-29 10:55:00.532 ovs-fdb DEBUG port  VLAN  MAC                Age
2015-10-29 10:55:00.536 ovs-fdb DEBUG 61     1  4e:2d:70:74:20:e6   30
2015-10-29 10:55:00.541 ovs-fdb DEBUG 61     1  fa:16:3e:50:a3:46    0
2015-10-29 10:55:00.545 ovs-fdb DEBUG 4     1  fa:16:3e:c5:24:11    0
2015-10-29 10:55:00.549 ovs-fdb DEBUG cookie=0x0, duration=159.806s, table=20, n_packets=453, n_bytes=43946, hard_timeout=300, idle_age=0, hard_age=0, priority=1,vlan_tci=0x0001/0x0fff,dl_dst=fa:16:3e:50:a3:46 actions=load:0->NXM_OF_VLAN_TCI[],load:0xb->NXM_NX_TUN_ID[],output:2
2015-10-29 10:55:00.553 ovs-fdb DEBUG cookie=0x0, duration=29.979s, table=20, n_packets=0, n_bytes=0, hard_timeout=300, idle_age=29, priority=1,vlan_tci=0x0001/0x0fff,dl_dst=4e:2d:70:74:20:e6 actions=load:0->NXM_OF_VLAN_TCI[],load:0xb->NXM_NX_TUN_ID[],output:2
2015-10-29 10:55:01.567 ovs-fdb DEBUG port  VLAN  MAC                Age
2015-10-29 10:55:01.576 ovs-fdb DEBUG 61     1  4e:2d:70:74:20:e6   31
2015-10-29 10:55:01.583 ovs-fdb DEBUG 61     1  fa:16:3e:50:a3:46    0
2015-10-29 10:55:01.590 ovs-fdb DEBUG 4     1  fa:16:3e:c5:24:11    0
2015-10-29 10:55:01.596 ovs-fdb DEBUG cookie=0x0, duration=160.851s, table=20, n_packets=458, n_bytes=44380, hard_timeout=300, idle_age=0, hard_age=0, priority=1,vlan_tci=0x0001/0x0fff,dl_dst=fa:16:3e:50:a3:46 actions=load:0->NXM_OF_VLAN_TCI[],load:0xb->NXM_NX_TUN_ID[],output:2
2015-10-29 10:55:01.602 ovs-fdb DEBUG cookie=0x0, duration=31.024s, table=20, n_packets=0, n_bytes=0, hard_timeout=300, idle_age=31, priority=1,vlan_tci=0x0001/0x0fff,dl_dst=4e:2d:70:74:20:e6 actions=load:0->NXM_OF_VLAN_TCI[],load:0xb->NXM_NX_TUN_ID[],output:2
2015-10-29 10:55:02.621 ovs-fdb DEBUG port  VLAN  MAC                Age
2015-10-29 10:55:02.627 ovs-fdb DEBUG 61     1  4e:2d:70:74:20:e6   32
2015-10-29 10:55:02.637 ovs-fdb DEBUG 61     1  fa:16:3e:50:a3:46    0
2015-10-29 10:55:02.646 ovs-fdb DEBUG 4     1  fa:16:3e:c5:24:11    0
2015-10-29 10:55:02.651 ovs-fdb DEBUG cookie=0x0, duration=161.893s, table=20, n_packets=462, n_bytes=44772, hard_timeout=300, idle_age=0, hard_age=0, priority=1,vlan_tci=0x0001/0x0fff,dl_dst=fa:16:3e:50:a3:46 actions=load:0->NXM_OF_VLAN_TCI[],load:0xb->NXM_NX_TUN_ID[],output:2
2015-10-29 10:55:02.657 ovs-fdb DEBUG cookie=0x0, duration=32.066s, table=20, n_packets=0, n_bytes=0, hard_timeout=300, idle_age=32, priority=1,vlan_tci=0x0001/0x0fff,dl_dst=4e:2d:70:74:20:e6 actions=load:0->NXM_OF_VLAN_TCI[],load:0xb->NXM_NX_TUN_ID[],output:2
2015-10-29 10:55:03.656 ovs-fdb DEBUG port  VLAN  MAC                Age
2015-10-29 10:55:03.689 ovs-fdb DEBUG 61     1  4e:2d:70:74:20:e6   33
2015-10-29 10:55:03.694 ovs-fdb DEBUG 61     1  fa:16:3e:50:a3:46    0
2015-10-29 10:55:03.706 ovs-fdb DEBUG 4     1  fa:16:3e:c5:24:11    0
2015-10-29 10:55:03.722 ovs-fdb DEBUG cookie=0x0, duration=162.940s, table=20, n_packets=466, n_bytes=45164, hard_timeout=300, idle_age=0, hard_age=0, priority=1,vlan_tci=0x0001/0x0fff,dl_dst=fa:16:3e:50:a3:46 actions=load:0->NXM_OF_VLAN_TCI[],load:0xb->NXM_NX_TUN_ID[],output:2
2015-10-29 10:55:03.729 ovs-fdb DEBUG cookie=0x0, duration=33.113s, table=20, n_packets=0, n_bytes=0, hard_timeout=300, idle_age=33, priority=1,vlan_tci=0x0001/0x0fff,dl_dst=4e:2d:70:74:20:e6 actions=load:0->NXM_OF_VLAN_TCI[],load:0xb->NXM_NX_TUN_ID[],output:2
2015-10-29 10:55:04.741 ovs-fdb DEBUG port  VLAN  MAC                Age
2015-10-29 10:55:04.752 ovs-fdb DEBUG 61     1  4e:2d:70:74:20:e6   34
2015-10-29 10:55:04.763 ovs-fdb DEBUG 61     1  fa:16:3e:50:a3:46    0
2015-10-29 10:55:04.775 ovs-fdb DEBUG 4     1  fa:16:3e:c5:24:11    0
2015-10-29 10:55:04.792 ovs-fdb DEBUG cookie=0x0, duration=164.002s, table=20, n_packets=470, n_bytes=45556, hard_timeout=300, idle_age=0, hard_age=0, priority=1,vlan_tci=0x0001/0x0fff,dl_dst=fa:16:3e:50:a3:46 actions=load:0->NXM_OF_VLAN_TCI[],load:0xb->NXM_NX_TUN_ID[],output:2
2015-10-29 10:55:04.798 ovs-fdb DEBUG cookie=0x0, duration=34.175s, table=20, n_packets=0, n_bytes=0, hard_timeout=300, idle_age=34, priority=1,vlan_tci=0x0001/0x0fff,dl_dst=4e:2d:70:74:20:e6 actions=load:0->NXM_OF_VLAN_TCI[],load:0xb->NXM_NX_TUN_ID[],output:2
2015-10-29 10:55:05.807 ovs-fdb DEBUG port  VLAN  MAC                Age
2015-10-29 10:55:05.820 ovs-fdb DEBUG 61     1  4e:2d:70:74:20:e6   35
2015-10-29 10:55:05.832 ovs-fdb DEBUG 61     1  fa:16:3e:50:a3:46    0
2015-10-29 10:55:05.842 ovs-fdb DEBUG 4     1  fa:16:3e:c5:24:11    0
2015-10-29 10:55:05.851 ovs-fdb DEBUG cookie=0x0, duration=165.089s, table=20, n_packets=474, n_bytes=45948, hard_timeout=300, idle_age=0, hard_age=0, priority=1,vlan_tci=0x0001/0x0fff,dl_dst=fa:16:3e:50:a3:46 actions=load:0->NXM_OF_VLAN_TCI[],load:0xb->NXM_NX_TUN_ID[],output:2
2015-10-29 10:55:05.865 ovs-fdb DEBUG cookie=0x0, duration=35.262s, table=20, n_packets=0, n_bytes=0, hard_timeout=300, idle_age=35, priority=1,vlan_tci=0x0001/0x0fff,dl_dst=4e:2d:70:74:20:e6 actions=load:0->NXM_OF_VLAN_TCI[],load:0xb->NXM_NX_TUN_ID[],output:2
2015-10-29 10:55:06.870 ovs-fdb DEBUG port  VLAN  MAC                Age
2015-10-29 10:55:06.876 ovs-fdb DEBUG 61     1  4e:2d:70:74:20:e6   36
2015-10-29 10:55:06.897 ovs-fdb DEBUG 61     1  fa:16:3e:50:a3:46    0
2015-10-29 10:55:06.914 ovs-fdb DEBUG 4     1  fa:16:3e:c5:24:11    0
2015-10-29 10:55:06.931 ovs-fdb DEBUG cookie=0x0, duration=166.179s, table=20, n_packets=478, n_bytes=46340, hard_timeout=300, idle_age=0, hard_age=0, priority=1,vlan_tci=0x0001/0x0fff,dl_dst=fa:16:3e:50:a3:46 actions=load:0->NXM_OF_VLAN_TCI[],load:0xb->NXM_NX_TUN_ID[],output:2
2015-10-29 10:55:06.940 ovs-fdb DEBUG cookie=0x0, duration=36.352s, table=20, n_packets=0, n_bytes=0, hard_timeout=300, idle_age=36, priority=1,vlan_tci=0x0001/0x0fff,dl_dst=4e:2d:70:74:20:e6 actions=load:0->NXM_OF_VLAN_TCI[],load:0xb->NXM_NX_TUN_ID[],output:2
2015-10-29 10:55:07.971 ovs-fdb DEBUG port  VLAN  MAC                Age
2015-10-29 10:55:07.979 ovs-fdb DEBUG 61     1  4e:2d:70:74:20:e6   37
2015-10-29 10:55:07.987 ovs-fdb DEBUG 61     1  fa:16:3e:50:a3:46    0
2015-10-29 10:55:08.006 ovs-fdb DEBUG 4     1  fa:16:3e:c5:24:11    0
2015-10-29 10:55:08.012 ovs-fdb DEBUG cookie=0x0, duration=167.262s, table=20, n_packets=482, n_bytes=46732, hard_timeout=300, idle_age=0, hard_age=0, priority=1,vlan_tci=0x0001/0x0fff,dl_dst=fa:16:3e:50:a3:46 actions=load:0->NXM_OF_VLAN_TCI[],load:0xb->NXM_NX_TUN_ID[],output:2
2015-10-29 10:55:08.022 ovs-fdb DEBUG cookie=0x0, duration=37.435s, table=20, n_packets=0, n_bytes=0, hard_timeout=300, idle_age=37, priority=1,vlan_tci=0x0001/0x0fff,dl_dst=4e:2d:70:74:20:e6 actions=load:0->NXM_OF_VLAN_TCI[],load:0xb->NXM_NX_TUN_ID[],output:2
2015-10-29 10:55:09.046 ovs-fdb DEBUG port  VLAN  MAC                Age
2015-10-29 10:55:09.067 ovs-fdb DEBUG 61     1  4e:2d:70:74:20:e6   38
2015-10-29 10:55:09.077 ovs-fdb DEBUG 61     1  fa:16:3e:50:a3:46    0
2015-10-29 10:55:09.085 ovs-fdb DEBUG 4     1  fa:16:3e:c5:24:11    0
2015-10-29 10:55:09.092 ovs-fdb DEBUG cookie=0x0, duration=168.327s, table=20, n_packets=488, n_bytes=47320, hard_timeout=300, idle_age=0, hard_age=0, priority=1,vlan_tci=0x0001/0x0fff,dl_dst=fa:16:3e:50:a3:46 actions=load:0->NXM_OF_VLAN_TCI[],load:0xb->NXM_NX_TUN_ID[],output:2
2015-10-29 10:55:09.099 ovs-fdb DEBUG cookie=0x0, duration=38.500s, table=20, n_packets=0, n_bytes=0, hard_timeout=300, idle_age=38, priority=1,vlan_tci=0x0001/0x0fff,dl_dst=4e:2d:70:74:20:e6 actions=load:0->NXM_OF_VLAN_TCI[],load:0xb->NXM_NX_TUN_ID[],output:2
2015-10-29 10:55:10.102 ovs-fdb DEBUG port  VLAN  MAC                Age
2015-10-29 10:55:10.112 ovs-fdb DEBUG 61     1  4e:2d:70:74:20:e6   39
2015-10-29 10:55:10.122 ovs-fdb DEBUG 61     1  fa:16:3e:50:a3:46    0
2015-10-29 10:55:10.132 ovs-fdb DEBUG 4     1  fa:16:3e:c5:24:11    0
2015-10-29 10:55:10.140 ovs-fdb DEBUG cookie=0x0, duration=169.392s, table=20, n_packets=492, n_bytes=47712, hard_timeout=300, idle_age=0, hard_age=0, priority=1,vlan_tci=0x0001/0x0fff,dl_dst=fa:16:3e:50:a3:46 actions=load:0->NXM_OF_VLAN_TCI[],load:0xb->NXM_NX_TUN_ID[],output:2
2015-10-29 10:55:10.145 ovs-fdb DEBUG cookie=0x0, duration=39.565s, table=20, n_packets=0, n_bytes=0, hard_timeout=300, idle_age=39, priority=1,vlan_tci=0x0001/0x0fff,dl_dst=4e:2d:70:74:20:e6 actions=load:0->NXM_OF_VLAN_TCI[],load:0xb->NXM_NX_TUN_ID[],output:2
2015-10-29 10:55:11.154 ovs-fdb DEBUG port  VLAN  MAC                Age
2015-10-29 10:55:11.165 ovs-fdb DEBUG 61     1  4e:2d:70:74:20:e6   40
2015-10-29 10:55:11.170 ovs-fdb DEBUG 61     1  fa:16:3e:50:a3:46    0
2015-10-29 10:55:11.174 ovs-fdb DEBUG 4     1  fa:16:3e:c5:24:11    0
2015-10-29 10:55:11.178 ovs-fdb DEBUG cookie=0x0, duration=170.431s, table=20, n_packets=496, n_bytes=48104, hard_timeout=300, idle_age=0, hard_age=0, priority=1,vlan_tci=0x0001/0x0fff,dl_dst=fa:16:3e:50:a3:46 actions=load:0->NXM_OF_VLAN_TCI[],load:0xb->NXM_NX_TUN_ID[],output:2
2015-10-29 10:55:11.182 ovs-fdb DEBUG cookie=0x0, duration=40.604s, table=20, n_packets=0, n_bytes=0, hard_timeout=300, idle_age=40, priority=1,vlan_tci=0x0001/0x0fff,dl_dst=4e:2d:70:74:20:e6 actions=load:0->NXM_OF_VLAN_TCI[],load:0xb->NXM_NX_TUN_ID[],output:2
2015-10-29 10:55:12.185 ovs-fdb DEBUG port  VLAN  MAC                Age
2015-10-29 10:55:12.189 ovs-fdb DEBUG 61     1  4e:2d:70:74:20:e6   41
2015-10-29 10:55:12.195 ovs-fdb DEBUG 61     1  fa:16:3e:50:a3:46    0
2015-10-29 10:55:12.199 ovs-fdb DEBUG 4     1  fa:16:3e:c5:24:11    0
2015-10-29 10:55:12.204 ovs-fdb DEBUG cookie=0x0, duration=171.460s, table=20, n_packets=500, n_bytes=48496, hard_timeout=300, idle_age=0, hard_age=0, priority=1,vlan_tci=0x0001/0x0fff,dl_dst=fa:16:3e:50:a3:46 actions=load:0->NXM_OF_VLAN_TCI[],load:0xb->NXM_NX_TUN_ID[],output:2
2015-10-29 10:55:12.208 ovs-fdb DEBUG cookie=0x0, duration=41.633s, table=20, n_packets=0, n_bytes=0, hard_timeout=300, idle_age=41, priority=1,vlan_tci=0x0001/0x0fff,dl_dst=4e:2d:70:74:20:e6 actions=load:0->NXM_OF_VLAN_TCI[],load:0xb->NXM_NX_TUN_ID[],output:2
2015-10-29 10:55:13.213 ovs-fdb DEBUG port  VLAN  MAC                Age
2015-10-29 10:55:13.218 ovs-fdb DEBUG 61     1  4e:2d:70:74:20:e6   42
2015-10-29 10:55:13.223 ovs-fdb DEBUG 61     1  fa:16:3e:50:a3:46    0
2015-10-29 10:55:13.227 ovs-fdb DEBUG 4     1  fa:16:3e:c5:24:11    0
2015-10-29 10:55:13.231 ovs-fdb DEBUG cookie=0x0, duration=172.489s, table=20, n_packets=504, n_bytes=48888, hard_timeout=300, idle_age=0, hard_age=0, priority=1,vlan_tci=0x0001/0x0fff,dl_dst=fa:16:3e:50:a3:46 actions=load:0->NXM_OF_VLAN_TCI[],load:0xb->NXM_NX_TUN_ID[],output:2
2015-10-29 10:55:13.235 ovs-fdb DEBUG cookie=0x0, duration=42.662s, table=20, n_packets=0, n_bytes=0, hard_timeout=300, idle_age=42, priority=1,vlan_tci=0x0001/0x0fff,dl_dst=4e:2d:70:74:20:e6 actions=load:0->NXM_OF_VLAN_TCI[],load:0xb->NXM_NX_TUN_ID[],output:2
2015-10-29 10:55:14.241 ovs-fdb DEBUG port  VLAN  MAC                Age
2015-10-29 10:55:14.246 ovs-fdb DEBUG 61     1  4e:2d:70:74:20:e6   43
2015-10-29 10:55:14.250 ovs-fdb DEBUG 61     1  fa:16:3e:50:a3:46    0
2015-10-29 10:55:14.254 ovs-fdb DEBUG 4     1  fa:16:3e:c5:24:11    0
2015-10-29 10:55:14.258 ovs-fdb DEBUG cookie=0x0, duration=173.519s, table=20, n_packets=508, n_bytes=49280, hard_timeout=300, idle_age=0, hard_age=0, priority=1,vlan_tci=0x0001/0x0fff,dl_dst=fa:16:3e:50:a3:46 actions=load:0->NXM_OF_VLAN_TCI[],load:0xb->NXM_NX_TUN_ID[],output:2
2015-10-29 10:55:14.262 ovs-fdb DEBUG cookie=0x0, duration=43.692s, table=20, n_packets=0, n_bytes=0, hard_timeout=300, idle_age=43, priority=1,vlan_tci=0x0001/0x0fff,dl_dst=4e:2d:70:74:20:e6 actions=load:0->NXM_OF_VLAN_TCI[],load:0xb->NXM_NX_TUN_ID[],output:2
2015-10-29 10:55:15.274 ovs-fdb DEBUG port  VLAN  MAC                Age
2015-10-29 10:55:15.279 ovs-fdb DEBUG 61     1  4e:2d:70:74:20:e6   44
2015-10-29 10:55:15.283 ovs-fdb DEBUG 61     1  fa:16:3e:50:a3:46    0
2015-10-29 10:55:15.288 ovs-fdb DEBUG 4     1  fa:16:3e:c5:24:11    0
2015-10-29 10:55:15.292 ovs-fdb DEBUG cookie=0x0, duration=174.548s, table=20, n_packets=512, n_bytes=49672, hard_timeout=300, idle_age=0, hard_age=0, priority=1,vlan_tci=0x0001/0x0fff,dl_dst=fa:16:3e:50:a3:46 actions=load:0->NXM_OF_VLAN_TCI[],load:0xb->NXM_NX_TUN_ID[],output:2
2015-10-29 10:55:15.297 ovs-fdb DEBUG cookie=0x0, duration=44.721s, table=20, n_packets=0, n_bytes=0, hard_timeout=300, idle_age=44, priority=1,vlan_tci=0x0001/0x0fff,dl_dst=4e:2d:70:74:20:e6 actions=load:0->NXM_OF_VLAN_TCI[],load:0xb->NXM_NX_TUN_ID[],output:2
2015-10-29 10:55:16.306 ovs-fdb DEBUG port  VLAN  MAC                Age
2015-10-29 10:55:16.311 ovs-fdb DEBUG 61     1  4e:2d:70:74:20:e6   45
2015-10-29 10:55:16.315 ovs-fdb DEBUG 61     1  fa:16:3e:50:a3:46    0
2015-10-29 10:55:16.319 ovs-fdb DEBUG 4     1  fa:16:3e:c5:24:11    0
2015-10-29 10:55:16.323 ovs-fdb DEBUG cookie=0x0, duration=175.576s, table=20, n_packets=516, n_bytes=50064, hard_timeout=300, idle_age=0, hard_age=0, priority=1,vlan_tci=0x0001/0x0fff,dl_dst=fa:16:3e:50:a3:46 actions=load:0->NXM_OF_VLAN_TCI[],load:0xb->NXM_NX_TUN_ID[],output:2
2015-10-29 10:55:16.327 ovs-fdb DEBUG cookie=0x0, duration=45.749s, table=20, n_packets=0, n_bytes=0, hard_timeout=300, idle_age=45, priority=1,vlan_tci=0x0001/0x0fff,dl_dst=4e:2d:70:74:20:e6 actions=load:0->NXM_OF_VLAN_TCI[],load:0xb->NXM_NX_TUN_ID[],output:2
2015-10-29 10:55:17.329 ovs-fdb DEBUG port  VLAN  MAC                Age
2015-10-29 10:55:17.341 ovs-fdb DEBUG 61     1  4e:2d:70:74:20:e6   46
2015-10-29 10:55:17.345 ovs-fdb DEBUG 61     1  fa:16:3e:50:a3:46    0
2015-10-29 10:55:17.349 ovs-fdb DEBUG 4     1  fa:16:3e:c5:24:11    0
2015-10-29 10:55:17.354 ovs-fdb DEBUG cookie=0x0, duration=176.607s, table=20, n_packets=520, n_bytes=50456, hard_timeout=300, idle_age=0, hard_age=0, priority=1,vlan_tci=0x0001/0x0fff,dl_dst=fa:16:3e:50:a3:46 actions=load:0->NXM_OF_VLAN_TCI[],load:0xb->NXM_NX_TUN_ID[],output:2
2015-10-29 10:55:17.358 ovs-fdb DEBUG cookie=0x0, duration=46.780s, table=20, n_packets=0, n_bytes=0, hard_timeout=300, idle_age=46, priority=1,vlan_tci=0x0001/0x0fff,dl_dst=4e:2d:70:74:20:e6 actions=load:0->NXM_OF_VLAN_TCI[],load:0xb->NXM_NX_TUN_ID[],output:2
2015-10-29 10:55:18.367 ovs-fdb DEBUG port  VLAN  MAC                Age
2015-10-29 10:55:18.372 ovs-fdb DEBUG 61     1  4e:2d:70:74:20:e6   47
2015-10-29 10:55:18.378 ovs-fdb DEBUG 61     1  fa:16:3e:50:a3:46    0
2015-10-29 10:55:18.385 ovs-fdb DEBUG 4     1  fa:16:3e:c5:24:11    0
2015-10-29 10:55:18.394 ovs-fdb DEBUG cookie=0x0, duration=177.654s, table=20, n_packets=524, n_bytes=50848, hard_timeout=300, idle_age=0, hard_age=0, priority=1,vlan_tci=0x0001/0x0fff,dl_dst=fa:16:3e:50:a3:46 actions=load:0->NXM_OF_VLAN_TCI[],load:0xb->NXM_NX_TUN_ID[],output:2
2015-10-29 10:55:18.399 ovs-fdb DEBUG cookie=0x0, duration=47.827s, table=20, n_packets=0, n_bytes=0, hard_timeout=300, idle_age=47, priority=1,vlan_tci=0x0001/0x0fff,dl_dst=4e:2d:70:74:20:e6 actions=load:0->NXM_OF_VLAN_TCI[],load:0xb->NXM_NX_TUN_ID[],output:2
2015-10-29 10:55:19.425 ovs-fdb DEBUG port  VLAN  MAC                Age
2015-10-29 10:55:19.431 ovs-fdb DEBUG 61     1  4e:2d:70:74:20:e6   49
2015-10-29 10:55:19.435 ovs-fdb DEBUG 61     1  fa:16:3e:50:a3:46    1
2015-10-29 10:55:19.440 ovs-fdb DEBUG 4     1  fa:16:3e:c5:24:11    1
2015-10-29 10:55:19.447 ovs-fdb DEBUG cookie=0x0, duration=178.693s, table=20, n_packets=528, n_bytes=51240, hard_timeout=300, idle_age=0, hard_age=0, priority=1,vlan_tci=0x0001/0x0fff,dl_dst=fa:16:3e:50:a3:46 actions=load:0->NXM_OF_VLAN_TCI[],load:0xb->NXM_NX_TUN_ID[],output:2
2015-10-29 10:55:19.453 ovs-fdb DEBUG cookie=0x0, duration=48.866s, table=20, n_packets=0, n_bytes=0, hard_timeout=300, idle_age=48, priority=1,vlan_tci=0x0001/0x0fff,dl_dst=4e:2d:70:74:20:e6 actions=load:0->NXM_OF_VLAN_TCI[],load:0xb->NXM_NX_TUN_ID[],output:2
2015-10-29 10:55:20.447 ovs-fdb DEBUG port  VLAN  MAC                Age
2015-10-29 10:55:20.452 ovs-fdb DEBUG 61     1  4e:2d:70:74:20:e6   50
2015-10-29 10:55:20.456 ovs-fdb DEBUG 61     1  fa:16:3e:50:a3:46    1
2015-10-29 10:55:20.461 ovs-fdb DEBUG 4     1  fa:16:3e:c5:24:11    1
2015-10-29 10:55:20.466 ovs-fdb DEBUG cookie=0x0, duration=179.727s, table=20, n_packets=533, n_bytes=51674, hard_timeout=300, idle_age=0, hard_age=0, priority=1,vlan_tci=0x0001/0x0fff,dl_dst=fa:16:3e:50:a3:46 actions=load:0->NXM_OF_VLAN_TCI[],load:0xb->NXM_NX_TUN_ID[],output:2
2015-10-29 10:55:20.470 ovs-fdb DEBUG cookie=0x0, duration=49.900s, table=20, n_packets=0, n_bytes=0, hard_timeout=300, idle_age=49, priority=1,vlan_tci=0x0001/0x0fff,dl_dst=4e:2d:70:74:20:e6 actions=load:0->NXM_OF_VLAN_TCI[],load:0xb->NXM_NX_TUN_ID[],output:2
2015-10-29 10:55:21.492 ovs-fdb DEBUG port  VLAN  MAC                Age
2015-10-29 10:55:21.497 ovs-fdb DEBUG 61     1  4e:2d:70:74:20:e6   51
2015-10-29 10:55:21.501 ovs-fdb DEBUG 61     1  fa:16:3e:50:a3:46    1
2015-10-29 10:55:21.506 ovs-fdb DEBUG 4     1  fa:16:3e:c5:24:11    1
2015-10-29 10:55:21.511 ovs-fdb DEBUG cookie=0x0, duration=180.764s, table=20, n_packets=537, n_bytes=52066, hard_timeout=300, idle_age=0, hard_age=0, priority=1,vlan_tci=0x0001/0x0fff,dl_dst=fa:16:3e:50:a3:46 actions=load:0->NXM_OF_VLAN_TCI[],load:0xb->NXM_NX_TUN_ID[],output:2
2015-10-29 10:55:21.515 ovs-fdb DEBUG cookie=0x0, duration=50.937s, table=20, n_packets=0, n_bytes=0, hard_timeout=300, idle_age=50, priority=1,vlan_tci=0x0001/0x0fff,dl_dst=4e:2d:70:74:20:e6 actions=load:0->NXM_OF_VLAN_TCI[],load:0xb->NXM_NX_TUN_ID[],output:2
2015-10-29 10:55:22.644 ovs-fdb DEBUG port  VLAN  MAC                Age
2015-10-29 10:55:22.649 ovs-fdb DEBUG 61     1  4e:2d:70:74:20:e6   52
2015-10-29 10:55:22.656 ovs-fdb DEBUG 61     1  fa:16:3e:50:a3:46    1
2015-10-29 10:55:22.661 ovs-fdb DEBUG 4     1  fa:16:3e:c5:24:11    1
2015-10-29 10:55:22.671 ovs-fdb DEBUG cookie=0x0, duration=181.803s, table=20, n_packets=541, n_bytes=52458, hard_timeout=300, idle_age=0, hard_age=0, priority=1,vlan_tci=0x0001/0x0fff,dl_dst=fa:16:3e:50:a3:46 actions=load:0->NXM_OF_VLAN_TCI[],load:0xb->NXM_NX_TUN_ID[],output:2
2015-10-29 10:55:22.676 ovs-fdb DEBUG cookie=0x0, duration=51.976s, table=20, n_packets=0, n_bytes=0, hard_timeout=300, idle_age=51, priority=1,vlan_tci=0x0001/0x0fff,dl_dst=4e:2d:70:74:20:e6 actions=load:0->NXM_OF_VLAN_TCI[],load:0xb->NXM_NX_TUN_ID[],output:2
